time="2021-03-03T10:40:58Z" level=error msg="accept tcp [::]:80: use of closed network connection" entryPointName=web
time="2021-03-03T10:40:58Z" level=error msg="accept tcp [::]:8080: use of closed network connection" entryPointName=traefik
time="2021-03-03T10:40:58Z" level=error msg="accept tcp [::]:443: use of closed network connection" entryPointName=websecure
time="2021-03-03T10:40:58Z" level=error msg="accept tcp [::]:8082: use of closed network connection" entryPointName=metrics
time="2021-03-03T10:40:58Z" level=error msg="close tcp [::]:443: use of closed network connection" entryPointName=websecure
time="2021-03-03T10:40:58Z" level=error msg="close tcp [::]:80: use of closed network connection" entryPointName=web
time="2021-03-03T10:40:58Z" level=error msg="close tcp [::]:8080: use of closed network connection" entryPointName=traefik
time="2021-03-03T10:40:58Z" level=error msg="close tcp [::]:8082: use of closed network connection" entryPointName=metrics
time="2021-03-03T10:41:09Z" level=error msg="accept tcp [::]:443: use of closed network connection" entryPointName=websecure
time="2021-03-03T10:41:09Z" level=error msg="close tcp [::]:8082: use of closed network connection" entryPointName=metrics
time="2021-03-03T10:41:09Z" level=error msg="accept tcp [::]:80: use of closed network connection" entryPointName=web
time="2021-03-03T10:41:09Z" level=error msg="close tcp [::]:443: use of closed network connection" entryPointName=websecure
time="2021-03-03T10:41:09Z" level=error msg="accept tcp [::]:8080: use of closed network connection" entryPointName=traefik
time="2021-03-03T10:41:09Z" level=error msg="close tcp [::]:8080: use of closed network connection" entryPointName=traefik
time="2021-03-03T10:41:09Z" level=error msg="close tcp [::]:80: use of closed network connection" entryPointName=web
time="2021-03-03T10:41:09Z" level=error msg="accept tcp [::]:8082: use of closed network connection" entryPointName=metrics
time="2021-03-03T10:42:10Z" level=info msg="Traefik version 2.2.11 built on 2020-09-07T14:12:48Z"
time="2021-03-03T10:42:10Z" level=debug msg="Static configuration loaded {\"global\":{\"checkNewVersion\":true},\"serversTransport\":{\"insecureSkipVerify\":true,\"maxIdleConnsPerHost\":200},\"entryPoints\":{\"metrics\":{\"address\":\":8082\",\"transport\":{\"lifeCycle\":{\"graceTimeOut\":10000000000},\"respondingTimeouts\":{\"idleTimeout\":180000000000}},\"forwardedHeaders\":{},\"http\":{}},\"traefik\":{\"address\":\":8080\",\"transport\":{\"lifeCycle\":{\"graceTimeOut\":10000000000},\"respondingTimeouts\":{\"idleTimeout\":180000000000}},\"forwardedHeaders\":{},\"http\":{}},\"web\":{\"address\":\":80\",\"transport\":{\"lifeCycle\":{\"graceTimeOut\":10000000000},\"respondingTimeouts\":{\"idleTimeout\":180000000000}},\"forwardedHeaders\":{},\"http\":{}},\"websecure\":{\"address\":\":443\",\"transport\":{\"lifeCycle\":{\"graceTimeOut\":10000000000},\"respondingTimeouts\":{\"idleTimeout\":180000000000}},\"forwardedHeaders\":{},\"http\":{\"tls\":{\"options\":\"default\"}}}},\"providers\":{\"providersThrottleDuration\":2000000000,\"file\":{\"directory\":\"/etc/traefik/dynamic\",\"watch\":true}},\"api\":{\"insecure\":true,\"dashboard\":true},\"metrics\":{\"prometheus\":{\"buckets\":[0.1,0.3,1.2,5],\"addEntryPointsLabels\":true,\"addServicesLabels\":true,\"entryPoint\":\"metrics\"}},\"log\":{\"level\":\"DEBUG\",\"filePath\":\"/logs/traefik.log\",\"format\":\"common\"},\"accessLog\":{\"filePath\":\"/logs/access.log\",\"format\":\"common\",\"filters\":{},\"fields\":{\"defaultMode\":\"keep\",\"headers\":{\"defaultMode\":\"keep\",\"names\":{\"Content-Type\":\"keep\",\"RequestHost\":\"keep\",\"User-Agent\":\"keep\"}}},\"bufferingSize\":100}}"
time="2021-03-03T10:42:10Z" level=info msg="\nStats collection is disabled.\nHelp us improve Traefik by turning this feature on :)\nMore details on: https://docs.traefik.io/contributing/data-collection/\n"
time="2021-03-03T10:42:10Z" level=debug msg="Configured Prometheus metrics" metricsProviderName=prometheus
time="2021-03-03T10:42:10Z" level=debug msg="Start TCP Server" entryPointName=traefik
time="2021-03-03T10:42:10Z" level=info msg="Starting provider aggregator.ProviderAggregator {}"
time="2021-03-03T10:42:10Z" level=debug msg="Start TCP Server" entryPointName=websecure
time="2021-03-03T10:42:10Z" level=debug msg="Start TCP Server" entryPointName=web
time="2021-03-03T10:42:10Z" level=debug msg="Start TCP Server" entryPointName=metrics
time="2021-03-03T10:42:10Z" level=info msg="Starting provider *file.Provider {\"directory\":\"/etc/traefik/dynamic\",\"watch\":true}"
time="2021-03-03T10:42:10Z" level=info msg="Starting provider *traefik.Provider {}"
time="2021-03-03T10:42:10Z" level=debug msg="Configuration received from provider file: {\"http\":{\"routers\":{\"whoami\":{\"middlewares\":[\"http2https\"],\"service\":\"whoami\",\"rule\":\"HostRegexp(`{host:^whoami\\\\.example\\\\.com}`) \\u0026\\u0026 Method(`GET`, `POST`, `HEAD`, `OPTIONS`, `PUT`)\"}},\"services\":{\"whoami\":{\"loadBalancer\":{\"servers\":[{\"url\":\"http://whoami:8000\"}],\"passHostHeader\":null}}},\"middlewares\":{\"hsts-header\":{\"headers\":{\"customResponseHeaders\":{\"Strict-Transport-Security\":\"max-age=63072000\"}}},\"http2https\":{\"redirectScheme\":{\"scheme\":\"https\",\"permanent\":true}}}},\"tcp\":{},\"udp\":{},\"tls\":{\"options\":{\"default\":{\"minVersion\":\"VersionTLS12\",\"cipherSuites\":[\"TLS_ECDHE_ECDSA_WITH_AES_256_GCM_SHA384\",\"TLS_ECDHE_RSA_WITH_AES_256_GCM_SHA384\",\"TLS_ECDHE_ECDSA_WITH_AES_128_GCM_SHA256\",\"TLS_ECDHE_RSA_WITH_AES_128_GCM_SHA256\",\"TLS_ECDHE_ECDSA_WITH_CHACHA20_POLY1305\",\"TLS_ECDHE_RSA_WITH_CHACHA20_POLY1305\"],\"clientAuth\":{},\"preferServerCipherSuites\":true}},\"stores\":{\"default\":{}}}}" providerName=file
time="2021-03-03T10:42:10Z" level=debug msg="No entryPoint defined for this router, using the default one(s) instead: [metrics web websecure]" routerName=whoami
time="2021-03-03T10:42:10Z" level=debug msg="Configuration received from provider internal: {\"http\":{\"routers\":{\"api\":{\"entryPoints\":[\"traefik\"],\"service\":\"api@internal\",\"rule\":\"PathPrefix(`/api`)\",\"priority\":2147483646},\"dashboard\":{\"entryPoints\":[\"traefik\"],\"middlewares\":[\"dashboard_redirect@internal\",\"dashboard_stripprefix@internal\"],\"service\":\"dashboard@internal\",\"rule\":\"PathPrefix(`/`)\",\"priority\":2147483645},\"prometheus\":{\"entryPoints\":[\"metrics\"],\"service\":\"prometheus@internal\",\"rule\":\"PathPrefix(`/metrics`)\",\"priority\":2147483647}},\"services\":{\"api\":{},\"dashboard\":{},\"noop\":{},\"prometheus\":{}},\"middlewares\":{\"dashboard_redirect\":{\"redirectRegex\":{\"regex\":\"^(http:\\\\/\\\\/(\\\\[[\\\\w:.]+\\\\]|[\\\\w\\\\._-]+)(:\\\\d+)?)\\\\/$\",\"replacement\":\"${1}/dashboard/\",\"permanent\":true}},\"dashboard_stripprefix\":{\"stripPrefix\":{\"prefixes\":[\"/dashboard/\",\"/dashboard\"]}}},\"models\":{\"websecure\":{\"tls\":{\"options\":\"default\"}}}},\"tcp\":{},\"tls\":{}}" providerName=internal
time="2021-03-03T10:42:10Z" level=debug msg="Creating middleware" middlewareType=Pipelining entryPointName=metrics routerName=whoami@file serviceName=whoami middlewareName=pipelining
time="2021-03-03T10:42:10Z" level=debug msg="Creating middleware" serviceName=whoami entryPointName=metrics routerName=whoami@file middlewareName=metrics-service middlewareType=Metrics
time="2021-03-03T10:42:10Z" level=debug msg="Creating load-balancer" serviceName=whoami entryPointName=metrics routerName=whoami@file
time="2021-03-03T10:42:10Z" level=debug msg="Creating server 0 http://whoami:8000" serviceName=whoami entryPointName=metrics routerName=whoami@file serverName=0
time="2021-03-03T10:42:10Z" level=debug msg="Added outgoing tracing middleware whoami" middlewareName=tracing entryPointName=metrics routerName=whoami@file middlewareType=TracingForwarder
time="2021-03-03T10:42:10Z" level=debug msg="Creating middleware" entryPointName=metrics middlewareName=http2https@file middlewareType=RedirectScheme routerName=whoami@file
time="2021-03-03T10:42:10Z" level=debug msg="Setting up redirection to https " middlewareType=RedirectScheme routerName=whoami@file entryPointName=metrics middlewareName=http2https@file
time="2021-03-03T10:42:10Z" level=debug msg="Adding tracing to middleware" routerName=whoami@file entryPointName=metrics middlewareName=http2https@file
time="2021-03-03T10:42:10Z" level=debug msg="Creating middleware" entryPointName=metrics middlewareName=traefik-internal-recovery middlewareType=Recovery
time="2021-03-03T10:42:10Z" level=debug msg="Creating middleware" middlewareName=traefik-internal-recovery middlewareType=Recovery entryPointName=web
time="2021-03-03T10:42:10Z" level=debug msg="Creating middleware" middlewareType=Recovery entryPointName=websecure middlewareName=traefik-internal-recovery
time="2021-03-03T10:42:10Z" level=debug msg="Creating middleware" entryPointName=websecure middlewareName=metrics-entrypoint middlewareType=Metrics
time="2021-03-03T10:42:10Z" level=debug msg="Creating middleware" entryPointName=traefik middlewareName=metrics-entrypoint middlewareType=Metrics
time="2021-03-03T10:42:10Z" level=debug msg="Creating middleware" middlewareType=Metrics entryPointName=metrics middlewareName=metrics-entrypoint
time="2021-03-03T10:42:10Z" level=debug msg="Creating middleware" entryPointName=web middlewareName=metrics-entrypoint middlewareType=Metrics
time="2021-03-03T10:42:10Z" level=debug msg="Creating middleware" middlewareName=metrics-entrypoint middlewareType=Metrics entryPointName=websecure
time="2021-03-03T10:42:10Z" level=debug msg="Creating middleware" middlewareName=metrics-entrypoint middlewareType=Metrics entryPointName=traefik
time="2021-03-03T10:42:10Z" level=debug msg="Creating middleware" entryPointName=metrics middlewareName=metrics-entrypoint middlewareType=Metrics
time="2021-03-03T10:42:10Z" level=debug msg="Creating middleware" entryPointName=web middlewareName=metrics-entrypoint middlewareType=Metrics
time="2021-03-03T10:42:10Z" level=debug msg="Added outgoing tracing middleware api@internal" middlewareName=tracing middlewareType=TracingForwarder entryPointName=traefik routerName=api@internal
time="2021-03-03T10:42:10Z" level=debug msg="Added outgoing tracing middleware dashboard@internal" middlewareName=tracing middlewareType=TracingForwarder entryPointName=traefik routerName=dashboard@internal
time="2021-03-03T10:42:10Z" level=debug msg="Creating middleware" middlewareType=StripPrefix entryPointName=traefik routerName=dashboard@internal middlewareName=dashboard_stripprefix@internal
time="2021-03-03T10:42:10Z" level=debug msg="Adding tracing to middleware" entryPointName=traefik routerName=dashboard@internal middlewareName=dashboard_stripprefix@internal
time="2021-03-03T10:42:10Z" level=debug msg="Creating middleware" middlewareName=dashboard_redirect@internal middlewareType=RedirectRegex routerName=dashboard@internal entryPointName=traefik
time="2021-03-03T10:42:10Z" level=debug msg="Setting up redirection from ^(http:\\/\\/(\\[[\\w:.]+\\]|[\\w\\._-]+)(:\\d+)?)\\/$ to ${1}/dashboard/" routerName=dashboard@internal entryPointName=traefik middlewareName=dashboard_redirect@internal middlewareType=RedirectRegex
time="2021-03-03T10:42:10Z" level=debug msg="Adding tracing to middleware" entryPointName=traefik routerName=dashboard@internal middlewareName=dashboard_redirect@internal
time="2021-03-03T10:42:10Z" level=debug msg="Creating middleware" middlewareName=traefik-internal-recovery middlewareType=Recovery entryPointName=traefik
time="2021-03-03T10:42:10Z" level=debug msg="Added outgoing tracing middleware prometheus@internal" entryPointName=metrics routerName=prometheus@internal middlewareName=tracing middlewareType=TracingForwarder
time="2021-03-03T10:42:10Z" level=debug msg="Creating middleware" entryPointName=metrics routerName=whoami@file serviceName=whoami middlewareName=pipelining middlewareType=Pipelining
time="2021-03-03T10:42:10Z" level=debug msg="Creating middleware" middlewareType=Metrics entryPointName=metrics routerName=whoami@file serviceName=whoami middlewareName=metrics-service
time="2021-03-03T10:42:10Z" level=debug msg="Creating load-balancer" entryPointName=metrics routerName=whoami@file serviceName=whoami
time="2021-03-03T10:42:10Z" level=debug msg="Creating server 0 http://whoami:8000" serviceName=whoami serverName=0 entryPointName=metrics routerName=whoami@file
time="2021-03-03T10:42:10Z" level=debug msg="Added outgoing tracing middleware whoami" routerName=whoami@file middlewareName=tracing middlewareType=TracingForwarder entryPointName=metrics
time="2021-03-03T10:42:10Z" level=debug msg="Creating middleware" entryPointName=metrics routerName=whoami@file middlewareName=http2https@file middlewareType=RedirectScheme
time="2021-03-03T10:42:10Z" level=debug msg="Setting up redirection to https " entryPointName=metrics routerName=whoami@file middlewareName=http2https@file middlewareType=RedirectScheme
time="2021-03-03T10:42:10Z" level=debug msg="Adding tracing to middleware" entryPointName=metrics routerName=whoami@file middlewareName=http2https@file
time="2021-03-03T10:42:10Z" level=debug msg="Creating middleware" middlewareType=Recovery entryPointName=metrics middlewareName=traefik-internal-recovery
time="2021-03-03T10:42:10Z" level=debug msg="Creating middleware" entryPointName=web middlewareName=traefik-internal-recovery middlewareType=Recovery
time="2021-03-03T10:42:10Z" level=debug msg="Creating middleware" entryPointName=websecure middlewareName=metrics-entrypoint middlewareType=Metrics
time="2021-03-03T10:42:10Z" level=debug msg="Creating middleware" entryPointName=traefik middlewareName=metrics-entrypoint middlewareType=Metrics
time="2021-03-03T10:42:10Z" level=debug msg="Creating middleware" middlewareName=metrics-entrypoint middlewareType=Metrics entryPointName=metrics
time="2021-03-03T10:42:10Z" level=debug msg="Creating middleware" middlewareType=Metrics entryPointName=web middlewareName=metrics-entrypoint
time="2021-03-03T10:42:10Z" level=debug msg="Creating middleware" middlewareType=Pipelining entryPointName=websecure routerName=websecure-whoami@file serviceName=whoami middlewareName=pipelining
time="2021-03-03T10:42:10Z" level=debug msg="Creating middleware" serviceName=whoami middlewareName=metrics-service middlewareType=Metrics entryPointName=websecure routerName=websecure-whoami@file
time="2021-03-03T10:42:10Z" level=debug msg="Creating load-balancer" entryPointName=websecure routerName=websecure-whoami@file serviceName=whoami
time="2021-03-03T10:42:10Z" level=debug msg="Creating server 0 http://whoami:8000" entryPointName=websecure routerName=websecure-whoami@file serviceName=whoami serverName=0
time="2021-03-03T10:42:10Z" level=debug msg="Added outgoing tracing middleware whoami" entryPointName=websecure routerName=websecure-whoami@file middlewareType=TracingForwarder middlewareName=tracing
time="2021-03-03T10:42:10Z" level=debug msg="Creating middleware" entryPointName=websecure routerName=websecure-whoami@file middlewareName=http2https@file middlewareType=RedirectScheme
time="2021-03-03T10:42:10Z" level=debug msg="Setting up redirection to https " entryPointName=websecure routerName=websecure-whoami@file middlewareName=http2https@file middlewareType=RedirectScheme
time="2021-03-03T10:42:10Z" level=debug msg="Adding tracing to middleware" middlewareName=http2https@file entryPointName=websecure routerName=websecure-whoami@file
time="2021-03-03T10:42:10Z" level=debug msg="Creating middleware" middlewareName=traefik-internal-recovery middlewareType=Recovery entryPointName=websecure
time="2021-03-03T10:42:10Z" level=debug msg="Creating middleware" middlewareType=Metrics entryPointName=websecure middlewareName=metrics-entrypoint
time="2021-03-03T10:42:10Z" level=debug msg="Creating middleware" middlewareName=metrics-entrypoint middlewareType=Metrics entryPointName=traefik
time="2021-03-03T10:42:10Z" level=debug msg="Creating middleware" entryPointName=metrics middlewareType=Metrics middlewareName=metrics-entrypoint
time="2021-03-03T10:42:10Z" level=debug msg="Creating middleware" entryPointName=web middlewareName=metrics-entrypoint middlewareType=Metrics
time="2021-03-03T10:44:30Z" level=debug msg="Serving default certificate for request: \"whoami.example.com\""
time="2021-03-03T10:44:30Z" level=debug msg="http: TLS handshake error from 172.18.0.1:50318: local error: tls: bad record MAC"
time="2021-03-03T10:44:33Z" level=debug msg="Serving default certificate for request: \"whoami.example.com\""
time="2021-03-03T10:44:33Z" level=debug msg="vulcand/oxy/roundrobin/rr: begin ServeHttp on request" Request="{\"Method\":\"GET\",\"URL\":{\"Scheme\":\"https\",\"Opaque\":\"\",\"User\":null,\"Host\":\"whoami.example.com\",\"Path\":\"/\",\"RawPath\":\"\",\"ForceQuery\":false,\"RawQuery\":\"\",\"Fragment\":\"\"},\"Proto\":\"HTTP/2.0\",\"ProtoMajor\":2,\"ProtoMinor\":0,\"Header\":{\"Accept\":[\"*/*\"],\"User-Agent\":[\"curl/7.75.0\"],\"X-Forwarded-Host\":[\"whoami.example.com\"],\"X-Forwarded-Port\":[\"443\"],\"X-Forwarded-Proto\":[\"https\"],\"X-Forwarded-Server\":[\"3233d25fc8c4\"],\"X-Real-Ip\":[\"172.18.0.1\"]},\"ContentLength\":0,\"TransferEncoding\":null,\"Host\":\"whoami.example.com\",\"Form\":null,\"PostForm\":null,\"MultipartForm\":null,\"Trailer\":null,\"RemoteAddr\":\"172.18.0.1:50322\",\"RequestURI\":\"/\",\"TLS\":null}"
time="2021-03-03T10:44:33Z" level=debug msg="vulcand/oxy/roundrobin/rr: Forwarding this request to URL" Request="{\"Method\":\"GET\",\"URL\":{\"Scheme\":\"https\",\"Opaque\":\"\",\"User\":null,\"Host\":\"whoami.example.com\",\"Path\":\"/\",\"RawPath\":\"\",\"ForceQuery\":false,\"RawQuery\":\"\",\"Fragment\":\"\"},\"Proto\":\"HTTP/2.0\",\"ProtoMajor\":2,\"ProtoMinor\":0,\"Header\":{\"Accept\":[\"*/*\"],\"User-Agent\":[\"curl/7.75.0\"],\"X-Forwarded-Host\":[\"whoami.example.com\"],\"X-Forwarded-Port\":[\"443\"],\"X-Forwarded-Proto\":[\"https\"],\"X-Forwarded-Server\":[\"3233d25fc8c4\"],\"X-Real-Ip\":[\"172.18.0.1\"]},\"ContentLength\":0,\"TransferEncoding\":null,\"Host\":\"whoami.example.com\",\"Form\":null,\"PostForm\":null,\"MultipartForm\":null,\"Trailer\":null,\"RemoteAddr\":\"172.18.0.1:50322\",\"RequestURI\":\"/\",\"TLS\":null}" ForwardURL="http://whoami:8000"
time="2021-03-03T10:44:33Z" level=debug msg="'502 Bad Gateway' caused by: dial tcp 172.18.0.2:8000: connect: connection refused"
time="2021-03-03T10:44:33Z" level=debug msg="vulcand/oxy/roundrobin/rr: completed ServeHttp on request" Request="{\"Method\":\"GET\",\"URL\":{\"Scheme\":\"https\",\"Opaque\":\"\",\"User\":null,\"Host\":\"whoami.example.com\",\"Path\":\"/\",\"RawPath\":\"\",\"ForceQuery\":false,\"RawQuery\":\"\",\"Fragment\":\"\"},\"Proto\":\"HTTP/2.0\",\"ProtoMajor\":2,\"ProtoMinor\":0,\"Header\":{\"Accept\":[\"*/*\"],\"User-Agent\":[\"curl/7.75.0\"],\"X-Forwarded-Host\":[\"whoami.example.com\"],\"X-Forwarded-Port\":[\"443\"],\"X-Forwarded-Proto\":[\"https\"],\"X-Forwarded-Server\":[\"3233d25fc8c4\"],\"X-Real-Ip\":[\"172.18.0.1\"]},\"ContentLength\":0,\"TransferEncoding\":null,\"Host\":\"whoami.example.com\",\"Form\":null,\"PostForm\":null,\"MultipartForm\":null,\"Trailer\":null,\"RemoteAddr\":\"172.18.0.1:50322\",\"RequestURI\":\"/\",\"TLS\":null}"
time="2021-03-03T10:44:40Z" level=debug msg="Serving default certificate for request: \"whoami.example.com\""
time="2021-03-03T10:44:40Z" level=debug msg="vulcand/oxy/roundrobin/rr: begin ServeHttp on request" Request="{\"Method\":\"GET\",\"URL\":{\"Scheme\":\"https\",\"Opaque\":\"\",\"User\":null,\"Host\":\"whoami.example.com\",\"Path\":\"/\",\"RawPath\":\"\",\"ForceQuery\":false,\"RawQuery\":\"\",\"Fragment\":\"\"},\"Proto\":\"HTTP/2.0\",\"ProtoMajor\":2,\"ProtoMinor\":0,\"Header\":{\"Accept\":[\"*/*\"],\"User-Agent\":[\"curl/7.75.0\"],\"X-Forwarded-Host\":[\"whoami.example.com\"],\"X-Forwarded-Port\":[\"443\"],\"X-Forwarded-Proto\":[\"https\"],\"X-Forwarded-Server\":[\"3233d25fc8c4\"],\"X-Real-Ip\":[\"172.18.0.1\"]},\"ContentLength\":0,\"TransferEncoding\":null,\"Host\":\"whoami.example.com\",\"Form\":null,\"PostForm\":null,\"MultipartForm\":null,\"Trailer\":null,\"RemoteAddr\":\"172.18.0.1:50330\",\"RequestURI\":\"/\",\"TLS\":null}"
time="2021-03-03T10:44:40Z" level=debug msg="vulcand/oxy/roundrobin/rr: Forwarding this request to URL" ForwardURL="http://whoami:8000" Request="{\"Method\":\"GET\",\"URL\":{\"Scheme\":\"https\",\"Opaque\":\"\",\"User\":null,\"Host\":\"whoami.example.com\",\"Path\":\"/\",\"RawPath\":\"\",\"ForceQuery\":false,\"RawQuery\":\"\",\"Fragment\":\"\"},\"Proto\":\"HTTP/2.0\",\"ProtoMajor\":2,\"ProtoMinor\":0,\"Header\":{\"Accept\":[\"*/*\"],\"User-Agent\":[\"curl/7.75.0\"],\"X-Forwarded-Host\":[\"whoami.example.com\"],\"X-Forwarded-Port\":[\"443\"],\"X-Forwarded-Proto\":[\"https\"],\"X-Forwarded-Server\":[\"3233d25fc8c4\"],\"X-Real-Ip\":[\"172.18.0.1\"]},\"ContentLength\":0,\"TransferEncoding\":null,\"Host\":\"whoami.example.com\",\"Form\":null,\"PostForm\":null,\"MultipartForm\":null,\"Trailer\":null,\"RemoteAddr\":\"172.18.0.1:50330\",\"RequestURI\":\"/\",\"TLS\":null}"
time="2021-03-03T10:44:40Z" level=debug msg="'502 Bad Gateway' caused by: dial tcp 172.18.0.2:8000: connect: connection refused"
time="2021-03-03T10:44:40Z" level=debug msg="vulcand/oxy/roundrobin/rr: completed ServeHttp on request" Request="{\"Method\":\"GET\",\"URL\":{\"Scheme\":\"https\",\"Opaque\":\"\",\"User\":null,\"Host\":\"whoami.example.com\",\"Path\":\"/\",\"RawPath\":\"\",\"ForceQuery\":false,\"RawQuery\":\"\",\"Fragment\":\"\"},\"Proto\":\"HTTP/2.0\",\"ProtoMajor\":2,\"ProtoMinor\":0,\"Header\":{\"Accept\":[\"*/*\"],\"User-Agent\":[\"curl/7.75.0\"],\"X-Forwarded-Host\":[\"whoami.example.com\"],\"X-Forwarded-Port\":[\"443\"],\"X-Forwarded-Proto\":[\"https\"],\"X-Forwarded-Server\":[\"3233d25fc8c4\"],\"X-Real-Ip\":[\"172.18.0.1\"]},\"ContentLength\":0,\"TransferEncoding\":null,\"Host\":\"whoami.example.com\",\"Form\":null,\"PostForm\":null,\"MultipartForm\":null,\"Trailer\":null,\"RemoteAddr\":\"172.18.0.1:50330\",\"RequestURI\":\"/\",\"TLS\":null}"
time="2021-03-03T10:45:25Z" level=debug msg="Serving default certificate for request: \"whoami.example.com\""
time="2021-03-03T10:45:25Z" level=debug msg="vulcand/oxy/roundrobin/rr: begin ServeHttp on request" Request="{\"Method\":\"GET\",\"URL\":{\"Scheme\":\"https\",\"Opaque\":\"\",\"User\":null,\"Host\":\"whoami.example.com\",\"Path\":\"/\",\"RawPath\":\"\",\"ForceQuery\":false,\"RawQuery\":\"\",\"Fragment\":\"\"},\"Proto\":\"HTTP/2.0\",\"ProtoMajor\":2,\"ProtoMinor\":0,\"Header\":{\"Accept\":[\"*/*\"],\"User-Agent\":[\"curl/7.75.0\"],\"X-Forwarded-Host\":[\"whoami.example.com\"],\"X-Forwarded-Port\":[\"443\"],\"X-Forwarded-Proto\":[\"https\"],\"X-Forwarded-Server\":[\"3233d25fc8c4\"],\"X-Real-Ip\":[\"172.18.0.1\"]},\"ContentLength\":0,\"TransferEncoding\":null,\"Host\":\"whoami.example.com\",\"Form\":null,\"PostForm\":null,\"MultipartForm\":null,\"Trailer\":null,\"RemoteAddr\":\"172.18.0.1:50344\",\"RequestURI\":\"/\",\"TLS\":null}"
time="2021-03-03T10:45:25Z" level=debug msg="vulcand/oxy/roundrobin/rr: Forwarding this request to URL" Request="{\"Method\":\"GET\",\"URL\":{\"Scheme\":\"https\",\"Opaque\":\"\",\"User\":null,\"Host\":\"whoami.example.com\",\"Path\":\"/\",\"RawPath\":\"\",\"ForceQuery\":false,\"RawQuery\":\"\",\"Fragment\":\"\"},\"Proto\":\"HTTP/2.0\",\"ProtoMajor\":2,\"ProtoMinor\":0,\"Header\":{\"Accept\":[\"*/*\"],\"User-Agent\":[\"curl/7.75.0\"],\"X-Forwarded-Host\":[\"whoami.example.com\"],\"X-Forwarded-Port\":[\"443\"],\"X-Forwarded-Proto\":[\"https\"],\"X-Forwarded-Server\":[\"3233d25fc8c4\"],\"X-Real-Ip\":[\"172.18.0.1\"]},\"ContentLength\":0,\"TransferEncoding\":null,\"Host\":\"whoami.example.com\",\"Form\":null,\"PostForm\":null,\"MultipartForm\":null,\"Trailer\":null,\"RemoteAddr\":\"172.18.0.1:50344\",\"RequestURI\":\"/\",\"TLS\":null}" ForwardURL="http://whoami:8000"
time="2021-03-03T10:45:25Z" level=debug msg="'502 Bad Gateway' caused by: dial tcp 172.18.0.2:8000: connect: connection refused"
time="2021-03-03T10:45:25Z" level=debug msg="vulcand/oxy/roundrobin/rr: completed ServeHttp on request" Request="{\"Method\":\"GET\",\"URL\":{\"Scheme\":\"https\",\"Opaque\":\"\",\"User\":null,\"Host\":\"whoami.example.com\",\"Path\":\"/\",\"RawPath\":\"\",\"ForceQuery\":false,\"RawQuery\":\"\",\"Fragment\":\"\"},\"Proto\":\"HTTP/2.0\",\"ProtoMajor\":2,\"ProtoMinor\":0,\"Header\":{\"Accept\":[\"*/*\"],\"User-Agent\":[\"curl/7.75.0\"],\"X-Forwarded-Host\":[\"whoami.example.com\"],\"X-Forwarded-Port\":[\"443\"],\"X-Forwarded-Proto\":[\"https\"],\"X-Forwarded-Server\":[\"3233d25fc8c4\"],\"X-Real-Ip\":[\"172.18.0.1\"]},\"ContentLength\":0,\"TransferEncoding\":null,\"Host\":\"whoami.example.com\",\"Form\":null,\"PostForm\":null,\"MultipartForm\":null,\"Trailer\":null,\"RemoteAddr\":\"172.18.0.1:50344\",\"RequestURI\":\"/\",\"TLS\":null}"
time="2021-03-03T10:45:28Z" level=debug msg="Serving default certificate for request: \"whoami.example.com\""
time="2021-03-03T10:45:29Z" level=debug msg="vulcand/oxy/roundrobin/rr: begin ServeHttp on request" Request="{\"Method\":\"GET\",\"URL\":{\"Scheme\":\"https\",\"Opaque\":\"\",\"User\":null,\"Host\":\"whoami.example.com\",\"Path\":\"/\",\"RawPath\":\"\",\"ForceQuery\":false,\"RawQuery\":\"\",\"Fragment\":\"\"},\"Proto\":\"HTTP/2.0\",\"ProtoMajor\":2,\"ProtoMinor\":0,\"Header\":{\"Accept\":[\"*/*\"],\"User-Agent\":[\"curl/7.75.0\"],\"X-Forwarded-Host\":[\"whoami.example.com\"],\"X-Forwarded-Port\":[\"443\"],\"X-Forwarded-Proto\":[\"https\"],\"X-Forwarded-Server\":[\"3233d25fc8c4\"],\"X-Real-Ip\":[\"172.18.0.1\"]},\"ContentLength\":0,\"TransferEncoding\":null,\"Host\":\"whoami.example.com\",\"Form\":null,\"PostForm\":null,\"MultipartForm\":null,\"Trailer\":null,\"RemoteAddr\":\"172.18.0.1:50356\",\"RequestURI\":\"/\",\"TLS\":null}"
time="2021-03-03T10:45:29Z" level=debug msg="vulcand/oxy/roundrobin/rr: Forwarding this request to URL" Request="{\"Method\":\"GET\",\"URL\":{\"Scheme\":\"https\",\"Opaque\":\"\",\"User\":null,\"Host\":\"whoami.example.com\",\"Path\":\"/\",\"RawPath\":\"\",\"ForceQuery\":false,\"RawQuery\":\"\",\"Fragment\":\"\"},\"Proto\":\"HTTP/2.0\",\"ProtoMajor\":2,\"ProtoMinor\":0,\"Header\":{\"Accept\":[\"*/*\"],\"User-Agent\":[\"curl/7.75.0\"],\"X-Forwarded-Host\":[\"whoami.example.com\"],\"X-Forwarded-Port\":[\"443\"],\"X-Forwarded-Proto\":[\"https\"],\"X-Forwarded-Server\":[\"3233d25fc8c4\"],\"X-Real-Ip\":[\"172.18.0.1\"]},\"ContentLength\":0,\"TransferEncoding\":null,\"Host\":\"whoami.example.com\",\"Form\":null,\"PostForm\":null,\"MultipartForm\":null,\"Trailer\":null,\"RemoteAddr\":\"172.18.0.1:50356\",\"RequestURI\":\"/\",\"TLS\":null}" ForwardURL="http://whoami:8000"
time="2021-03-03T10:45:29Z" level=debug msg="'502 Bad Gateway' caused by: dial tcp 172.18.0.2:8000: connect: connection refused"
time="2021-03-03T10:45:29Z" level=debug msg="vulcand/oxy/roundrobin/rr: completed ServeHttp on request" Request="{\"Method\":\"GET\",\"URL\":{\"Scheme\":\"https\",\"Opaque\":\"\",\"User\":null,\"Host\":\"whoami.example.com\",\"Path\":\"/\",\"RawPath\":\"\",\"ForceQuery\":false,\"RawQuery\":\"\",\"Fragment\":\"\"},\"Proto\":\"HTTP/2.0\",\"ProtoMajor\":2,\"ProtoMinor\":0,\"Header\":{\"Accept\":[\"*/*\"],\"User-Agent\":[\"curl/7.75.0\"],\"X-Forwarded-Host\":[\"whoami.example.com\"],\"X-Forwarded-Port\":[\"443\"],\"X-Forwarded-Proto\":[\"https\"],\"X-Forwarded-Server\":[\"3233d25fc8c4\"],\"X-Real-Ip\":[\"172.18.0.1\"]},\"ContentLength\":0,\"TransferEncoding\":null,\"Host\":\"whoami.example.com\",\"Form\":null,\"PostForm\":null,\"MultipartForm\":null,\"Trailer\":null,\"RemoteAddr\":\"172.18.0.1:50356\",\"RequestURI\":\"/\",\"TLS\":null}"
time="2021-03-03T10:47:21Z" level=info msg="I have to go..."
time="2021-03-03T10:47:21Z" level=info msg="Stopping server gracefully"
time="2021-03-03T10:47:21Z" level=debug msg="Waiting 10s seconds before killing connections." entryPointName=web
time="2021-03-03T10:47:21Z" level=debug msg="Waiting 10s seconds before killing connections." entryPointName=websecure
time="2021-03-03T10:47:21Z" level=error msg="accept tcp [::]:80: use of closed network connection" entryPointName=web
time="2021-03-03T10:47:21Z" level=error msg="close tcp [::]:80: use of closed network connection" entryPointName=web
time="2021-03-03T10:47:21Z" level=debug msg="Entry point web closed" entryPointName=web
time="2021-03-03T10:47:21Z" level=debug msg="Waiting 10s seconds before killing connections." entryPointName=metrics
time="2021-03-03T10:47:21Z" level=debug msg="Waiting 10s seconds before killing connections." entryPointName=traefik
time="2021-03-03T10:47:21Z" level=error msg="close tcp [::]:443: use of closed network connection" entryPointName=websecure
time="2021-03-03T10:47:21Z" level=error msg="accept tcp [::]:8080: use of closed network connection" entryPointName=traefik
time="2021-03-03T10:47:21Z" level=error msg="accept tcp [::]:8082: use of closed network connection" entryPointName=metrics
time="2021-03-03T10:47:21Z" level=error msg="close tcp [::]:8082: use of closed network connection" entryPointName=metrics
time="2021-03-03T10:47:21Z" level=debug msg="Entry point metrics closed" entryPointName=metrics
time="2021-03-03T10:47:21Z" level=debug msg="Entry point websecure closed" entryPointName=websecure
time="2021-03-03T10:47:21Z" level=error msg="accept tcp [::]:443: use of closed network connection" entryPointName=websecure
time="2021-03-03T10:47:21Z" level=error msg="close tcp [::]:8080: use of closed network connection" entryPointName=traefik
time="2021-03-03T10:47:21Z" level=debug msg="Entry point traefik closed" entryPointName=traefik
time="2021-03-03T10:47:21Z" level=info msg="Server stopped"
time="2021-03-03T10:47:21Z" level=info msg="Shutting down"
time="2021-03-03T12:59:02Z" level=info msg="Traefik version 2.2.11 built on 2020-09-07T14:12:48Z"
time="2021-03-03T12:59:02Z" level=debug msg="Static configuration loaded {\"global\":{\"checkNewVersion\":true},\"serversTransport\":{\"insecureSkipVerify\":true,\"maxIdleConnsPerHost\":200},\"entryPoints\":{\"metrics\":{\"address\":\":8082\",\"transport\":{\"lifeCycle\":{\"graceTimeOut\":10000000000},\"respondingTimeouts\":{\"idleTimeout\":180000000000}},\"forwardedHeaders\":{},\"http\":{}},\"traefik\":{\"address\":\":8080\",\"transport\":{\"lifeCycle\":{\"graceTimeOut\":10000000000},\"respondingTimeouts\":{\"idleTimeout\":180000000000}},\"forwardedHeaders\":{},\"http\":{}},\"web\":{\"address\":\":80\",\"transport\":{\"lifeCycle\":{\"graceTimeOut\":10000000000},\"respondingTimeouts\":{\"idleTimeout\":180000000000}},\"forwardedHeaders\":{},\"http\":{}},\"websecure\":{\"address\":\":443\",\"transport\":{\"lifeCycle\":{\"graceTimeOut\":10000000000},\"respondingTimeouts\":{\"idleTimeout\":180000000000}},\"forwardedHeaders\":{},\"http\":{\"tls\":{\"options\":\"default\"}}}},\"providers\":{\"providersThrottleDuration\":2000000000,\"file\":{\"directory\":\"/etc/traefik/dynamic\",\"watch\":true}},\"api\":{\"insecure\":true,\"dashboard\":true},\"metrics\":{\"prometheus\":{\"buckets\":[0.1,0.3,1.2,5],\"addEntryPointsLabels\":true,\"addServicesLabels\":true,\"entryPoint\":\"metrics\"}},\"log\":{\"level\":\"DEBUG\",\"filePath\":\"/logs/traefik.log\",\"format\":\"common\"},\"accessLog\":{\"filePath\":\"/logs/access.log\",\"format\":\"common\",\"filters\":{},\"fields\":{\"defaultMode\":\"keep\",\"headers\":{\"defaultMode\":\"keep\",\"names\":{\"Content-Type\":\"keep\",\"RequestHost\":\"keep\",\"User-Agent\":\"keep\"}}},\"bufferingSize\":100}}"
time="2021-03-03T12:59:02Z" level=info msg="\nStats collection is disabled.\nHelp us improve Traefik by turning this feature on :)\nMore details on: https://docs.traefik.io/contributing/data-collection/\n"
time="2021-03-03T12:59:02Z" level=debug msg="Configured Prometheus metrics" metricsProviderName=prometheus
time="2021-03-03T12:59:02Z" level=debug msg="Start TCP Server" entryPointName=traefik
time="2021-03-03T12:59:02Z" level=debug msg="Start TCP Server" entryPointName=web
time="2021-03-03T12:59:02Z" level=info msg="Starting provider aggregator.ProviderAggregator {}"
time="2021-03-03T12:59:02Z" level=debug msg="Start TCP Server" entryPointName=websecure
time="2021-03-03T12:59:02Z" level=debug msg="Start TCP Server" entryPointName=metrics
time="2021-03-03T12:59:02Z" level=info msg="Starting provider *file.Provider {\"directory\":\"/etc/traefik/dynamic\",\"watch\":true}"
time="2021-03-03T12:59:02Z" level=info msg="Starting provider *traefik.Provider {}"
time="2021-03-03T12:59:02Z" level=debug msg="Configuration received from provider file: {\"http\":{\"routers\":{\"whoami\":{\"middlewares\":[\"http2https\"],\"service\":\"whoami\",\"rule\":\"HostRegexp(`{host:^whoami\\\\.example\\\\.com}`) \\u0026\\u0026 Method(`GET`, `POST`, `HEAD`, `OPTIONS`, `PUT`)\"}},\"services\":{\"whoami\":{\"loadBalancer\":{\"servers\":[{\"url\":\"http://whoami:8000\"}],\"passHostHeader\":null}}},\"middlewares\":{\"hsts-header\":{\"headers\":{\"customResponseHeaders\":{\"Strict-Transport-Security\":\"max-age=63072000\"}}},\"http2https\":{\"redirectScheme\":{\"scheme\":\"https\",\"permanent\":true}}}},\"tcp\":{},\"udp\":{},\"tls\":{\"options\":{\"default\":{\"minVersion\":\"VersionTLS12\",\"cipherSuites\":[\"TLS_ECDHE_ECDSA_WITH_AES_256_GCM_SHA384\",\"TLS_ECDHE_RSA_WITH_AES_256_GCM_SHA384\",\"TLS_ECDHE_ECDSA_WITH_AES_128_GCM_SHA256\",\"TLS_ECDHE_RSA_WITH_AES_128_GCM_SHA256\",\"TLS_ECDHE_ECDSA_WITH_CHACHA20_POLY1305\",\"TLS_ECDHE_RSA_WITH_CHACHA20_POLY1305\"],\"clientAuth\":{},\"preferServerCipherSuites\":true}},\"stores\":{\"default\":{}}}}" providerName=file
time="2021-03-03T12:59:02Z" level=debug msg="No entryPoint defined for this router, using the default one(s) instead: [metrics web websecure]" routerName=whoami
time="2021-03-03T12:59:02Z" level=debug msg="Configuration received from provider internal: {\"http\":{\"routers\":{\"api\":{\"entryPoints\":[\"traefik\"],\"service\":\"api@internal\",\"rule\":\"PathPrefix(`/api`)\",\"priority\":2147483646},\"dashboard\":{\"entryPoints\":[\"traefik\"],\"middlewares\":[\"dashboard_redirect@internal\",\"dashboard_stripprefix@internal\"],\"service\":\"dashboard@internal\",\"rule\":\"PathPrefix(`/`)\",\"priority\":2147483645},\"prometheus\":{\"entryPoints\":[\"metrics\"],\"service\":\"prometheus@internal\",\"rule\":\"PathPrefix(`/metrics`)\",\"priority\":2147483647}},\"services\":{\"api\":{},\"dashboard\":{},\"noop\":{},\"prometheus\":{}},\"middlewares\":{\"dashboard_redirect\":{\"redirectRegex\":{\"regex\":\"^(http:\\\\/\\\\/(\\\\[[\\\\w:.]+\\\\]|[\\\\w\\\\._-]+)(:\\\\d+)?)\\\\/$\",\"replacement\":\"${1}/dashboard/\",\"permanent\":true}},\"dashboard_stripprefix\":{\"stripPrefix\":{\"prefixes\":[\"/dashboard/\",\"/dashboard\"]}}},\"models\":{\"websecure\":{\"tls\":{\"options\":\"default\"}}}},\"tcp\":{},\"tls\":{}}" providerName=internal
time="2021-03-03T12:59:02Z" level=debug msg="Creating middleware" middlewareName=pipelining entryPointName=metrics routerName=whoami@file serviceName=whoami middlewareType=Pipelining
time="2021-03-03T12:59:02Z" level=debug msg="Creating middleware" middlewareType=Metrics entryPointName=metrics routerName=whoami@file serviceName=whoami middlewareName=metrics-service
time="2021-03-03T12:59:02Z" level=debug msg="Creating load-balancer" entryPointName=metrics routerName=whoami@file serviceName=whoami
time="2021-03-03T12:59:02Z" level=debug msg="Creating server 0 http://whoami:8000" entryPointName=metrics routerName=whoami@file serviceName=whoami serverName=0
time="2021-03-03T12:59:02Z" level=debug msg="Added outgoing tracing middleware whoami" entryPointName=metrics routerName=whoami@file middlewareName=tracing middlewareType=TracingForwarder
time="2021-03-03T12:59:02Z" level=debug msg="Creating middleware" entryPointName=metrics routerName=whoami@file middlewareType=RedirectScheme middlewareName=http2https@file
time="2021-03-03T12:59:02Z" level=debug msg="Setting up redirection to https " entryPointName=metrics routerName=whoami@file middlewareType=RedirectScheme middlewareName=http2https@file
time="2021-03-03T12:59:02Z" level=debug msg="Adding tracing to middleware" middlewareName=http2https@file entryPointName=metrics routerName=whoami@file
time="2021-03-03T12:59:02Z" level=debug msg="Creating middleware" middlewareName=traefik-internal-recovery middlewareType=Recovery entryPointName=metrics
time="2021-03-03T12:59:02Z" level=debug msg="Creating middleware" entryPointName=web middlewareName=traefik-internal-recovery middlewareType=Recovery
time="2021-03-03T12:59:02Z" level=debug msg="Creating middleware" entryPointName=websecure middlewareName=traefik-internal-recovery middlewareType=Recovery
time="2021-03-03T12:59:02Z" level=debug msg="Creating middleware" middlewareType=Metrics entryPointName=metrics middlewareName=metrics-entrypoint
time="2021-03-03T12:59:02Z" level=debug msg="Creating middleware" entryPointName=web middlewareName=metrics-entrypoint middlewareType=Metrics
time="2021-03-03T12:59:02Z" level=debug msg="Creating middleware" middlewareName=metrics-entrypoint middlewareType=Metrics entryPointName=websecure
time="2021-03-03T12:59:02Z" level=debug msg="Creating middleware" entryPointName=traefik middlewareName=metrics-entrypoint middlewareType=Metrics
time="2021-03-03T12:59:02Z" level=debug msg="Creating middleware" entryPointName=metrics middlewareName=metrics-entrypoint middlewareType=Metrics
time="2021-03-03T12:59:02Z" level=debug msg="Creating middleware" middlewareType=Metrics entryPointName=web middlewareName=metrics-entrypoint
time="2021-03-03T12:59:02Z" level=debug msg="Creating middleware" entryPointName=websecure middlewareName=metrics-entrypoint middlewareType=Metrics
time="2021-03-03T12:59:02Z" level=debug msg="Creating middleware" entryPointName=traefik middlewareName=metrics-entrypoint middlewareType=Metrics
time="2021-03-03T12:59:02Z" level=debug msg="Added outgoing tracing middleware dashboard@internal" middlewareName=tracing entryPointName=traefik routerName=dashboard@internal middlewareType=TracingForwarder
time="2021-03-03T12:59:02Z" level=debug msg="Creating middleware" middlewareName=dashboard_stripprefix@internal middlewareType=StripPrefix entryPointName=traefik routerName=dashboard@internal
time="2021-03-03T12:59:02Z" level=debug msg="Adding tracing to middleware" middlewareName=dashboard_stripprefix@internal entryPointName=traefik routerName=dashboard@internal
time="2021-03-03T12:59:02Z" level=debug msg="Creating middleware" routerName=dashboard@internal entryPointName=traefik middlewareName=dashboard_redirect@internal middlewareType=RedirectRegex
time="2021-03-03T12:59:02Z" level=debug msg="Setting up redirection from ^(http:\\/\\/(\\[[\\w:.]+\\]|[\\w\\._-]+)(:\\d+)?)\\/$ to ${1}/dashboard/" routerName=dashboard@internal entryPointName=traefik middlewareName=dashboard_redirect@internal middlewareType=RedirectRegex
time="2021-03-03T12:59:02Z" level=debug msg="Adding tracing to middleware" entryPointName=traefik routerName=dashboard@internal middlewareName=dashboard_redirect@internal
time="2021-03-03T12:59:02Z" level=debug msg="Added outgoing tracing middleware api@internal" entryPointName=traefik middlewareName=tracing middlewareType=TracingForwarder routerName=api@internal
time="2021-03-03T12:59:02Z" level=debug msg="Creating middleware" entryPointName=traefik middlewareName=traefik-internal-recovery middlewareType=Recovery
time="2021-03-03T12:59:02Z" level=debug msg="Added outgoing tracing middleware prometheus@internal" middlewareName=tracing middlewareType=TracingForwarder entryPointName=metrics routerName=prometheus@internal
time="2021-03-03T12:59:02Z" level=debug msg="Creating middleware" entryPointName=metrics serviceName=whoami middlewareName=pipelining middlewareType=Pipelining routerName=whoami@file
time="2021-03-03T12:59:02Z" level=debug msg="Creating middleware" middlewareType=Metrics serviceName=whoami routerName=whoami@file entryPointName=metrics middlewareName=metrics-service
time="2021-03-03T12:59:02Z" level=debug msg="Creating load-balancer" entryPointName=metrics serviceName=whoami routerName=whoami@file
time="2021-03-03T12:59:02Z" level=debug msg="Creating server 0 http://whoami:8000" serviceName=whoami routerName=whoami@file serverName=0 entryPointName=metrics
time="2021-03-03T12:59:02Z" level=debug msg="Added outgoing tracing middleware whoami" routerName=whoami@file entryPointName=metrics middlewareName=tracing middlewareType=TracingForwarder
time="2021-03-03T12:59:02Z" level=debug msg="Creating middleware" entryPointName=metrics routerName=whoami@file middlewareName=http2https@file middlewareType=RedirectScheme
time="2021-03-03T12:59:02Z" level=debug msg="Setting up redirection to https " entryPointName=metrics routerName=whoami@file middlewareName=http2https@file middlewareType=RedirectScheme
time="2021-03-03T12:59:02Z" level=debug msg="Adding tracing to middleware" entryPointName=metrics routerName=whoami@file middlewareName=http2https@file
time="2021-03-03T12:59:02Z" level=debug msg="Creating middleware" entryPointName=metrics middlewareName=traefik-internal-recovery middlewareType=Recovery
time="2021-03-03T12:59:02Z" level=debug msg="Creating middleware" middlewareName=traefik-internal-recovery middlewareType=Recovery entryPointName=web
time="2021-03-03T12:59:02Z" level=debug msg="Creating middleware" entryPointName=metrics middlewareName=metrics-entrypoint middlewareType=Metrics
time="2021-03-03T12:59:02Z" level=debug msg="Creating middleware" middlewareType=Metrics entryPointName=web middlewareName=metrics-entrypoint
time="2021-03-03T12:59:02Z" level=debug msg="Creating middleware" entryPointName=websecure middlewareName=metrics-entrypoint middlewareType=Metrics
time="2021-03-03T12:59:02Z" level=debug msg="Creating middleware" middlewareType=Metrics entryPointName=traefik middlewareName=metrics-entrypoint
time="2021-03-03T12:59:02Z" level=debug msg="Creating middleware" routerName=websecure-whoami@file serviceName=whoami middlewareName=pipelining middlewareType=Pipelining entryPointName=websecure
time="2021-03-03T12:59:02Z" level=debug msg="Creating middleware" entryPointName=websecure routerName=websecure-whoami@file serviceName=whoami middlewareName=metrics-service middlewareType=Metrics
time="2021-03-03T12:59:02Z" level=debug msg="Creating load-balancer" entryPointName=websecure routerName=websecure-whoami@file serviceName=whoami
time="2021-03-03T12:59:02Z" level=debug msg="Creating server 0 http://whoami:8000" entryPointName=websecure routerName=websecure-whoami@file serviceName=whoami serverName=0
time="2021-03-03T12:59:02Z" level=debug msg="Added outgoing tracing middleware whoami" entryPointName=websecure routerName=websecure-whoami@file middlewareName=tracing middlewareType=TracingForwarder
time="2021-03-03T12:59:02Z" level=debug msg="Creating middleware" middlewareType=RedirectScheme entryPointName=websecure routerName=websecure-whoami@file middlewareName=http2https@file
time="2021-03-03T12:59:02Z" level=debug msg="Setting up redirection to https " middlewareType=RedirectScheme entryPointName=websecure routerName=websecure-whoami@file middlewareName=http2https@file
time="2021-03-03T12:59:02Z" level=debug msg="Adding tracing to middleware" entryPointName=websecure routerName=websecure-whoami@file middlewareName=http2https@file
time="2021-03-03T12:59:02Z" level=debug msg="Creating middleware" middlewareName=traefik-internal-recovery middlewareType=Recovery entryPointName=websecure
time="2021-03-03T12:59:02Z" level=debug msg="Creating middleware" middlewareName=metrics-entrypoint middlewareType=Metrics entryPointName=metrics
time="2021-03-03T12:59:02Z" level=debug msg="Creating middleware" middlewareName=metrics-entrypoint middlewareType=Metrics entryPointName=web
time="2021-03-03T12:59:02Z" level=debug msg="Creating middleware" entryPointName=websecure middlewareName=metrics-entrypoint middlewareType=Metrics
time="2021-03-03T12:59:02Z" level=debug msg="Creating middleware" entryPointName=traefik middlewareName=metrics-entrypoint middlewareType=Metrics
time="2021-03-03T13:09:03Z" level=warning msg="A new release has been found: 2.4.6. Please consider updating."
time="2021-03-03T13:50:50Z" level=debug msg="Serving default certificate for request: \"whoami.example.com\""
time="2021-03-03T13:51:03Z" level=debug msg="Serving default certificate for request: \"whoami.example.com\""
time="2021-03-03T13:58:53Z" level=debug msg="Serving default certificate for request: \"whoami.example.com\""
time="2021-03-03T13:59:08Z" level=debug msg="Serving default certificate for request: \"whoami.example.com\""
time="2021-03-03T13:59:08Z" level=debug msg="http: TLS handshake error from 172.18.0.1:43058: local error: tls: bad record MAC"
time="2021-03-03T13:59:11Z" level=debug msg="Serving default certificate for request: \"whoami.example.com\""
time="2021-03-03T13:59:11Z" level=debug msg="vulcand/oxy/roundrobin/rr: begin ServeHttp on request" Request="{\"Method\":\"GET\",\"URL\":{\"Scheme\":\"https\",\"Opaque\":\"\",\"User\":null,\"Host\":\"whoami.example.com\",\"Path\":\"/\",\"RawPath\":\"\",\"ForceQuery\":false,\"RawQuery\":\"\",\"Fragment\":\"\"},\"Proto\":\"HTTP/2.0\",\"ProtoMajor\":2,\"ProtoMinor\":0,\"Header\":{\"Accept\":[\"*/*\"],\"User-Agent\":[\"curl/7.75.0\"],\"X-Forwarded-Host\":[\"whoami.example.com\"],\"X-Forwarded-Port\":[\"443\"],\"X-Forwarded-Proto\":[\"https\"],\"X-Forwarded-Server\":[\"3233d25fc8c4\"],\"X-Real-Ip\":[\"172.18.0.1\"]},\"ContentLength\":0,\"TransferEncoding\":null,\"Host\":\"whoami.example.com\",\"Form\":null,\"PostForm\":null,\"MultipartForm\":null,\"Trailer\":null,\"RemoteAddr\":\"172.18.0.1:43070\",\"RequestURI\":\"/\",\"TLS\":null}"
time="2021-03-03T13:59:11Z" level=debug msg="vulcand/oxy/roundrobin/rr: Forwarding this request to URL" Request="{\"Method\":\"GET\",\"URL\":{\"Scheme\":\"https\",\"Opaque\":\"\",\"User\":null,\"Host\":\"whoami.example.com\",\"Path\":\"/\",\"RawPath\":\"\",\"ForceQuery\":false,\"RawQuery\":\"\",\"Fragment\":\"\"},\"Proto\":\"HTTP/2.0\",\"ProtoMajor\":2,\"ProtoMinor\":0,\"Header\":{\"Accept\":[\"*/*\"],\"User-Agent\":[\"curl/7.75.0\"],\"X-Forwarded-Host\":[\"whoami.example.com\"],\"X-Forwarded-Port\":[\"443\"],\"X-Forwarded-Proto\":[\"https\"],\"X-Forwarded-Server\":[\"3233d25fc8c4\"],\"X-Real-Ip\":[\"172.18.0.1\"]},\"ContentLength\":0,\"TransferEncoding\":null,\"Host\":\"whoami.example.com\",\"Form\":null,\"PostForm\":null,\"MultipartForm\":null,\"Trailer\":null,\"RemoteAddr\":\"172.18.0.1:43070\",\"RequestURI\":\"/\",\"TLS\":null}" ForwardURL="http://whoami:8000"
time="2021-03-03T13:59:12Z" level=debug msg="'502 Bad Gateway' caused by: dial tcp: lookup whoami on 127.0.0.11:53: no such host"
time="2021-03-03T13:59:12Z" level=debug msg="vulcand/oxy/roundrobin/rr: completed ServeHttp on request" Request="{\"Method\":\"GET\",\"URL\":{\"Scheme\":\"https\",\"Opaque\":\"\",\"User\":null,\"Host\":\"whoami.example.com\",\"Path\":\"/\",\"RawPath\":\"\",\"ForceQuery\":false,\"RawQuery\":\"\",\"Fragment\":\"\"},\"Proto\":\"HTTP/2.0\",\"ProtoMajor\":2,\"ProtoMinor\":0,\"Header\":{\"Accept\":[\"*/*\"],\"User-Agent\":[\"curl/7.75.0\"],\"X-Forwarded-Host\":[\"whoami.example.com\"],\"X-Forwarded-Port\":[\"443\"],\"X-Forwarded-Proto\":[\"https\"],\"X-Forwarded-Server\":[\"3233d25fc8c4\"],\"X-Real-Ip\":[\"172.18.0.1\"]},\"ContentLength\":0,\"TransferEncoding\":null,\"Host\":\"whoami.example.com\",\"Form\":null,\"PostForm\":null,\"MultipartForm\":null,\"Trailer\":null,\"RemoteAddr\":\"172.18.0.1:43070\",\"RequestURI\":\"/\",\"TLS\":null}"
time="2021-03-03T13:59:20Z" level=debug msg="Serving default certificate for request: \"whoami.example.com\""
time="2021-03-03T13:59:20Z" level=debug msg="vulcand/oxy/roundrobin/rr: begin ServeHttp on request" Request="{\"Method\":\"GET\",\"URL\":{\"Scheme\":\"https\",\"Opaque\":\"\",\"User\":null,\"Host\":\"whoami.example.com\",\"Path\":\"/\",\"RawPath\":\"\",\"ForceQuery\":false,\"RawQuery\":\"\",\"Fragment\":\"\"},\"Proto\":\"HTTP/2.0\",\"ProtoMajor\":2,\"ProtoMinor\":0,\"Header\":{\"Accept\":[\"*/*\"],\"User-Agent\":[\"curl/7.75.0\"],\"X-Forwarded-Host\":[\"whoami.example.com\"],\"X-Forwarded-Port\":[\"443\"],\"X-Forwarded-Proto\":[\"https\"],\"X-Forwarded-Server\":[\"3233d25fc8c4\"],\"X-Real-Ip\":[\"172.18.0.1\"]},\"ContentLength\":0,\"TransferEncoding\":null,\"Host\":\"whoami.example.com\",\"Form\":null,\"PostForm\":null,\"MultipartForm\":null,\"Trailer\":null,\"RemoteAddr\":\"172.18.0.1:43076\",\"RequestURI\":\"/\",\"TLS\":null}"
time="2021-03-03T13:59:20Z" level=debug msg="vulcand/oxy/roundrobin/rr: Forwarding this request to URL" Request="{\"Method\":\"GET\",\"URL\":{\"Scheme\":\"https\",\"Opaque\":\"\",\"User\":null,\"Host\":\"whoami.example.com\",\"Path\":\"/\",\"RawPath\":\"\",\"ForceQuery\":false,\"RawQuery\":\"\",\"Fragment\":\"\"},\"Proto\":\"HTTP/2.0\",\"ProtoMajor\":2,\"ProtoMinor\":0,\"Header\":{\"Accept\":[\"*/*\"],\"User-Agent\":[\"curl/7.75.0\"],\"X-Forwarded-Host\":[\"whoami.example.com\"],\"X-Forwarded-Port\":[\"443\"],\"X-Forwarded-Proto\":[\"https\"],\"X-Forwarded-Server\":[\"3233d25fc8c4\"],\"X-Real-Ip\":[\"172.18.0.1\"]},\"ContentLength\":0,\"TransferEncoding\":null,\"Host\":\"whoami.example.com\",\"Form\":null,\"PostForm\":null,\"MultipartForm\":null,\"Trailer\":null,\"RemoteAddr\":\"172.18.0.1:43076\",\"RequestURI\":\"/\",\"TLS\":null}" ForwardURL="http://whoami:8000"
time="2021-03-03T13:59:21Z" level=debug msg="'502 Bad Gateway' caused by: dial tcp: lookup whoami on 127.0.0.11:53: no such host"
time="2021-03-03T13:59:21Z" level=debug msg="vulcand/oxy/roundrobin/rr: completed ServeHttp on request" Request="{\"Method\":\"GET\",\"URL\":{\"Scheme\":\"https\",\"Opaque\":\"\",\"User\":null,\"Host\":\"whoami.example.com\",\"Path\":\"/\",\"RawPath\":\"\",\"ForceQuery\":false,\"RawQuery\":\"\",\"Fragment\":\"\"},\"Proto\":\"HTTP/2.0\",\"ProtoMajor\":2,\"ProtoMinor\":0,\"Header\":{\"Accept\":[\"*/*\"],\"User-Agent\":[\"curl/7.75.0\"],\"X-Forwarded-Host\":[\"whoami.example.com\"],\"X-Forwarded-Port\":[\"443\"],\"X-Forwarded-Proto\":[\"https\"],\"X-Forwarded-Server\":[\"3233d25fc8c4\"],\"X-Real-Ip\":[\"172.18.0.1\"]},\"ContentLength\":0,\"TransferEncoding\":null,\"Host\":\"whoami.example.com\",\"Form\":null,\"PostForm\":null,\"MultipartForm\":null,\"Trailer\":null,\"RemoteAddr\":\"172.18.0.1:43076\",\"RequestURI\":\"/\",\"TLS\":null}"
time="2021-03-03T13:59:28Z" level=debug msg="Serving default certificate for request: \"whoami.example.com\""
time="2021-03-03T13:59:28Z" level=debug msg="vulcand/oxy/roundrobin/rr: begin ServeHttp on request" Request="{\"Method\":\"GET\",\"URL\":{\"Scheme\":\"https\",\"Opaque\":\"\",\"User\":null,\"Host\":\"whoami.example.com\",\"Path\":\"/\",\"RawPath\":\"\",\"ForceQuery\":false,\"RawQuery\":\"\",\"Fragment\":\"\"},\"Proto\":\"HTTP/2.0\",\"ProtoMajor\":2,\"ProtoMinor\":0,\"Header\":{\"Accept\":[\"*/*\"],\"User-Agent\":[\"curl/7.75.0\"],\"X-Forwarded-Host\":[\"whoami.example.com\"],\"X-Forwarded-Port\":[\"443\"],\"X-Forwarded-Proto\":[\"https\"],\"X-Forwarded-Server\":[\"3233d25fc8c4\"],\"X-Real-Ip\":[\"172.18.0.1\"]},\"ContentLength\":0,\"TransferEncoding\":null,\"Host\":\"whoami.example.com\",\"Form\":null,\"PostForm\":null,\"MultipartForm\":null,\"Trailer\":null,\"RemoteAddr\":\"172.18.0.1:43082\",\"RequestURI\":\"/\",\"TLS\":null}"
time="2021-03-03T13:59:28Z" level=debug msg="vulcand/oxy/roundrobin/rr: Forwarding this request to URL" Request="{\"Method\":\"GET\",\"URL\":{\"Scheme\":\"https\",\"Opaque\":\"\",\"User\":null,\"Host\":\"whoami.example.com\",\"Path\":\"/\",\"RawPath\":\"\",\"ForceQuery\":false,\"RawQuery\":\"\",\"Fragment\":\"\"},\"Proto\":\"HTTP/2.0\",\"ProtoMajor\":2,\"ProtoMinor\":0,\"Header\":{\"Accept\":[\"*/*\"],\"User-Agent\":[\"curl/7.75.0\"],\"X-Forwarded-Host\":[\"whoami.example.com\"],\"X-Forwarded-Port\":[\"443\"],\"X-Forwarded-Proto\":[\"https\"],\"X-Forwarded-Server\":[\"3233d25fc8c4\"],\"X-Real-Ip\":[\"172.18.0.1\"]},\"ContentLength\":0,\"TransferEncoding\":null,\"Host\":\"whoami.example.com\",\"Form\":null,\"PostForm\":null,\"MultipartForm\":null,\"Trailer\":null,\"RemoteAddr\":\"172.18.0.1:43082\",\"RequestURI\":\"/\",\"TLS\":null}" ForwardURL="http://whoami:8000"
time="2021-03-03T13:59:29Z" level=debug msg="'502 Bad Gateway' caused by: dial tcp: lookup whoami on 127.0.0.11:53: no such host"
time="2021-03-03T13:59:29Z" level=debug msg="vulcand/oxy/roundrobin/rr: completed ServeHttp on request" Request="{\"Method\":\"GET\",\"URL\":{\"Scheme\":\"https\",\"Opaque\":\"\",\"User\":null,\"Host\":\"whoami.example.com\",\"Path\":\"/\",\"RawPath\":\"\",\"ForceQuery\":false,\"RawQuery\":\"\",\"Fragment\":\"\"},\"Proto\":\"HTTP/2.0\",\"ProtoMajor\":2,\"ProtoMinor\":0,\"Header\":{\"Accept\":[\"*/*\"],\"User-Agent\":[\"curl/7.75.0\"],\"X-Forwarded-Host\":[\"whoami.example.com\"],\"X-Forwarded-Port\":[\"443\"],\"X-Forwarded-Proto\":[\"https\"],\"X-Forwarded-Server\":[\"3233d25fc8c4\"],\"X-Real-Ip\":[\"172.18.0.1\"]},\"ContentLength\":0,\"TransferEncoding\":null,\"Host\":\"whoami.example.com\",\"Form\":null,\"PostForm\":null,\"MultipartForm\":null,\"Trailer\":null,\"RemoteAddr\":\"172.18.0.1:43082\",\"RequestURI\":\"/\",\"TLS\":null}"
time="2021-03-03T14:00:02Z" level=info msg="I have to go..."
time="2021-03-03T14:00:02Z" level=info msg="Stopping server gracefully"
time="2021-03-03T14:00:02Z" level=debug msg="Waiting 10s seconds before killing connections." entryPointName=traefik
time="2021-03-03T14:00:02Z" level=debug msg="Waiting 10s seconds before killing connections." entryPointName=metrics
time="2021-03-03T14:00:02Z" level=debug msg="Waiting 10s seconds before killing connections." entryPointName=web
time="2021-03-03T14:00:02Z" level=error msg="close tcp [::]:8082: use of closed network connection" entryPointName=metrics
time="2021-03-03T14:00:02Z" level=error msg="close tcp [::]:80: use of closed network connection" entryPointName=web
time="2021-03-03T14:00:02Z" level=debug msg="Entry point web closed" entryPointName=web
time="2021-03-03T14:00:02Z" level=error msg="accept tcp [::]:8080: use of closed network connection" entryPointName=traefik
time="2021-03-03T14:00:02Z" level=error msg="accept tcp [::]:8082: use of closed network connection" entryPointName=metrics
time="2021-03-03T14:00:02Z" level=debug msg="Waiting 10s seconds before killing connections." entryPointName=websecure
time="2021-03-03T14:00:02Z" level=error msg="close tcp [::]:8080: use of closed network connection" entryPointName=traefik
time="2021-03-03T14:00:02Z" level=error msg="accept tcp [::]:80: use of closed network connection" entryPointName=web
time="2021-03-03T14:00:02Z" level=error msg="accept tcp [::]:443: use of closed network connection" entryPointName=websecure
time="2021-03-03T14:00:02Z" level=error msg="close tcp [::]:443: use of closed network connection" entryPointName=websecure
time="2021-03-03T14:00:02Z" level=debug msg="Entry point metrics closed" entryPointName=metrics
time="2021-03-03T14:00:02Z" level=debug msg="Entry point websecure closed" entryPointName=websecure
time="2021-03-03T14:00:03Z" level=debug msg="Entry point traefik closed" entryPointName=traefik
time="2021-03-03T14:00:03Z" level=info msg="Server stopped"
time="2021-03-03T14:00:03Z" level=info msg="Shutting down"
time="2021-03-03T14:00:12Z" level=info msg="Traefik version 2.2.11 built on 2020-09-07T14:12:48Z"
time="2021-03-03T14:00:12Z" level=debug msg="Static configuration loaded {\"global\":{\"checkNewVersion\":true},\"serversTransport\":{\"insecureSkipVerify\":true,\"maxIdleConnsPerHost\":200},\"entryPoints\":{\"metrics\":{\"address\":\":8082\",\"transport\":{\"lifeCycle\":{\"graceTimeOut\":10000000000},\"respondingTimeouts\":{\"idleTimeout\":180000000000}},\"forwardedHeaders\":{},\"http\":{}},\"traefik\":{\"address\":\":8080\",\"transport\":{\"lifeCycle\":{\"graceTimeOut\":10000000000},\"respondingTimeouts\":{\"idleTimeout\":180000000000}},\"forwardedHeaders\":{},\"http\":{}},\"web\":{\"address\":\":80\",\"transport\":{\"lifeCycle\":{\"graceTimeOut\":10000000000},\"respondingTimeouts\":{\"idleTimeout\":180000000000}},\"forwardedHeaders\":{},\"http\":{}},\"websecure\":{\"address\":\":443\",\"transport\":{\"lifeCycle\":{\"graceTimeOut\":10000000000},\"respondingTimeouts\":{\"idleTimeout\":180000000000}},\"forwardedHeaders\":{},\"http\":{\"tls\":{\"options\":\"default\"}}}},\"providers\":{\"providersThrottleDuration\":2000000000,\"file\":{\"directory\":\"/etc/traefik/dynamic\",\"watch\":true}},\"api\":{\"insecure\":true,\"dashboard\":true},\"metrics\":{\"prometheus\":{\"buckets\":[0.1,0.3,1.2,5],\"addEntryPointsLabels\":true,\"addServicesLabels\":true,\"entryPoint\":\"metrics\"}},\"log\":{\"level\":\"DEBUG\",\"filePath\":\"/logs/traefik.log\",\"format\":\"common\"},\"accessLog\":{\"filePath\":\"/logs/access.log\",\"format\":\"common\",\"filters\":{},\"fields\":{\"defaultMode\":\"keep\",\"headers\":{\"defaultMode\":\"keep\",\"names\":{\"Content-Type\":\"keep\",\"RequestHost\":\"keep\",\"User-Agent\":\"keep\"}}},\"bufferingSize\":100}}"
time="2021-03-03T14:00:12Z" level=info msg="\nStats collection is disabled.\nHelp us improve Traefik by turning this feature on :)\nMore details on: https://docs.traefik.io/contributing/data-collection/\n"
time="2021-03-03T14:00:12Z" level=debug msg="Configured Prometheus metrics" metricsProviderName=prometheus
time="2021-03-03T14:00:12Z" level=info msg="Starting provider aggregator.ProviderAggregator {}"
time="2021-03-03T14:00:12Z" level=debug msg="Start TCP Server" entryPointName=traefik
time="2021-03-03T14:00:12Z" level=debug msg="Start TCP Server" entryPointName=metrics
time="2021-03-03T14:00:12Z" level=debug msg="Start TCP Server" entryPointName=websecure
time="2021-03-03T14:00:12Z" level=debug msg="Start TCP Server" entryPointName=web
time="2021-03-03T14:00:12Z" level=info msg="Starting provider *file.Provider {\"directory\":\"/etc/traefik/dynamic\",\"watch\":true}"
time="2021-03-03T14:00:12Z" level=info msg="Starting provider *traefik.Provider {}"
time="2021-03-03T14:00:12Z" level=debug msg="Configuration received from provider file: {\"http\":{\"routers\":{\"whoami\":{\"middlewares\":[\"http2https\"],\"service\":\"whoami\",\"rule\":\"HostRegexp(`{host:^whoami\\\\.example\\\\.com}`) \\u0026\\u0026 Method(`GET`, `POST`, `HEAD`, `OPTIONS`, `PUT`)\"}},\"services\":{\"whoami\":{\"loadBalancer\":{\"servers\":[{\"url\":\"http://whoami:8000\"}],\"passHostHeader\":null}}},\"middlewares\":{\"hsts-header\":{\"headers\":{\"customResponseHeaders\":{\"Strict-Transport-Security\":\"max-age=63072000\"}}},\"http2https\":{\"redirectScheme\":{\"scheme\":\"https\",\"permanent\":true}}}},\"tcp\":{},\"udp\":{},\"tls\":{\"options\":{\"default\":{\"minVersion\":\"VersionTLS12\",\"cipherSuites\":[\"TLS_ECDHE_ECDSA_WITH_AES_256_GCM_SHA384\",\"TLS_ECDHE_RSA_WITH_AES_256_GCM_SHA384\",\"TLS_ECDHE_ECDSA_WITH_AES_128_GCM_SHA256\",\"TLS_ECDHE_RSA_WITH_AES_128_GCM_SHA256\",\"TLS_ECDHE_ECDSA_WITH_CHACHA20_POLY1305\",\"TLS_ECDHE_RSA_WITH_CHACHA20_POLY1305\"],\"clientAuth\":{},\"preferServerCipherSuites\":true}},\"stores\":{\"default\":{}}}}" providerName=file
time="2021-03-03T14:00:12Z" level=debug msg="No entryPoint defined for this router, using the default one(s) instead: [metrics web websecure]" routerName=whoami
time="2021-03-03T14:00:12Z" level=debug msg="Configuration received from provider internal: {\"http\":{\"routers\":{\"api\":{\"entryPoints\":[\"traefik\"],\"service\":\"api@internal\",\"rule\":\"PathPrefix(`/api`)\",\"priority\":2147483646},\"dashboard\":{\"entryPoints\":[\"traefik\"],\"middlewares\":[\"dashboard_redirect@internal\",\"dashboard_stripprefix@internal\"],\"service\":\"dashboard@internal\",\"rule\":\"PathPrefix(`/`)\",\"priority\":2147483645},\"prometheus\":{\"entryPoints\":[\"metrics\"],\"service\":\"prometheus@internal\",\"rule\":\"PathPrefix(`/metrics`)\",\"priority\":2147483647}},\"services\":{\"api\":{},\"dashboard\":{},\"noop\":{},\"prometheus\":{}},\"middlewares\":{\"dashboard_redirect\":{\"redirectRegex\":{\"regex\":\"^(http:\\\\/\\\\/(\\\\[[\\\\w:.]+\\\\]|[\\\\w\\\\._-]+)(:\\\\d+)?)\\\\/$\",\"replacement\":\"${1}/dashboard/\",\"permanent\":true}},\"dashboard_stripprefix\":{\"stripPrefix\":{\"prefixes\":[\"/dashboard/\",\"/dashboard\"]}}},\"models\":{\"websecure\":{\"tls\":{\"options\":\"default\"}}}},\"tcp\":{},\"tls\":{}}" providerName=internal
time="2021-03-03T14:00:12Z" level=debug msg="Creating middleware" entryPointName=metrics routerName=whoami@file serviceName=whoami middlewareName=pipelining middlewareType=Pipelining
time="2021-03-03T14:00:12Z" level=debug msg="Creating middleware" routerName=whoami@file serviceName=whoami middlewareName=metrics-service middlewareType=Metrics entryPointName=metrics
time="2021-03-03T14:00:12Z" level=debug msg="Creating load-balancer" entryPointName=metrics routerName=whoami@file serviceName=whoami
time="2021-03-03T14:00:12Z" level=debug msg="Creating server 0 http://whoami:8000" entryPointName=metrics routerName=whoami@file serviceName=whoami serverName=0
time="2021-03-03T14:00:12Z" level=debug msg="Added outgoing tracing middleware whoami" entryPointName=metrics routerName=whoami@file middlewareName=tracing middlewareType=TracingForwarder
time="2021-03-03T14:00:12Z" level=debug msg="Creating middleware" entryPointName=metrics routerName=whoami@file middlewareType=RedirectScheme middlewareName=http2https@file
time="2021-03-03T14:00:12Z" level=debug msg="Setting up redirection to https " middlewareName=http2https@file entryPointName=metrics routerName=whoami@file middlewareType=RedirectScheme
time="2021-03-03T14:00:12Z" level=debug msg="Adding tracing to middleware" entryPointName=metrics routerName=whoami@file middlewareName=http2https@file
time="2021-03-03T14:00:12Z" level=debug msg="Creating middleware" entryPointName=metrics middlewareType=Recovery middlewareName=traefik-internal-recovery
time="2021-03-03T14:00:12Z" level=debug msg="Creating middleware" entryPointName=web middlewareName=traefik-internal-recovery middlewareType=Recovery
time="2021-03-03T14:00:12Z" level=debug msg="Creating middleware" middlewareName=traefik-internal-recovery middlewareType=Recovery entryPointName=websecure
time="2021-03-03T14:00:12Z" level=debug msg="Creating middleware" entryPointName=traefik middlewareName=metrics-entrypoint middlewareType=Metrics
time="2021-03-03T14:00:12Z" level=debug msg="Creating middleware" entryPointName=metrics middlewareName=metrics-entrypoint middlewareType=Metrics
time="2021-03-03T14:00:12Z" level=debug msg="Creating middleware" entryPointName=web middlewareName=metrics-entrypoint middlewareType=Metrics
time="2021-03-03T14:00:12Z" level=debug msg="Creating middleware" entryPointName=websecure middlewareName=metrics-entrypoint middlewareType=Metrics
time="2021-03-03T14:00:12Z" level=debug msg="Creating middleware" middlewareType=Metrics entryPointName=traefik middlewareName=metrics-entrypoint
time="2021-03-03T14:00:12Z" level=debug msg="Creating middleware" entryPointName=metrics middlewareName=metrics-entrypoint middlewareType=Metrics
time="2021-03-03T14:00:12Z" level=debug msg="Creating middleware" entryPointName=web middlewareName=metrics-entrypoint middlewareType=Metrics
time="2021-03-03T14:00:12Z" level=debug msg="Creating middleware" entryPointName=websecure middlewareName=metrics-entrypoint middlewareType=Metrics
time="2021-03-03T14:00:12Z" level=debug msg="Creating middleware" middlewareName=pipelining middlewareType=Pipelining entryPointName=web routerName=whoami@file serviceName=whoami
time="2021-03-03T14:00:12Z" level=debug msg="Creating middleware" routerName=whoami@file serviceName=whoami middlewareName=metrics-service middlewareType=Metrics entryPointName=web
time="2021-03-03T14:00:12Z" level=debug msg="Creating load-balancer" routerName=whoami@file serviceName=whoami entryPointName=web
time="2021-03-03T14:00:12Z" level=debug msg="Creating server 0 http://whoami:8000" serviceName=whoami entryPointName=web routerName=whoami@file serverName=0
time="2021-03-03T14:00:12Z" level=debug msg="Added outgoing tracing middleware whoami" routerName=whoami@file entryPointName=web middlewareType=TracingForwarder middlewareName=tracing
time="2021-03-03T14:00:12Z" level=debug msg="Creating middleware" routerName=whoami@file middlewareName=http2https@file middlewareType=RedirectScheme entryPointName=web
time="2021-03-03T14:00:12Z" level=debug msg="Setting up redirection to https " middlewareName=http2https@file middlewareType=RedirectScheme entryPointName=web routerName=whoami@file
time="2021-03-03T14:00:12Z" level=debug msg="Adding tracing to middleware" middlewareName=http2https@file entryPointName=web routerName=whoami@file
time="2021-03-03T14:00:12Z" level=debug msg="Creating middleware" middlewareName=traefik-internal-recovery middlewareType=Recovery entryPointName=web
time="2021-03-03T14:00:12Z" level=debug msg="Added outgoing tracing middleware api@internal" middlewareType=TracingForwarder entryPointName=traefik routerName=api@internal middlewareName=tracing
time="2021-03-03T14:00:12Z" level=debug msg="Added outgoing tracing middleware dashboard@internal" entryPointName=traefik routerName=dashboard@internal middlewareName=tracing middlewareType=TracingForwarder
time="2021-03-03T14:00:12Z" level=debug msg="Creating middleware" middlewareType=StripPrefix entryPointName=traefik routerName=dashboard@internal middlewareName=dashboard_stripprefix@internal
time="2021-03-03T14:00:12Z" level=debug msg="Adding tracing to middleware" routerName=dashboard@internal middlewareName=dashboard_stripprefix@internal entryPointName=traefik
time="2021-03-03T14:00:12Z" level=debug msg="Creating middleware" middlewareType=RedirectRegex entryPointName=traefik routerName=dashboard@internal middlewareName=dashboard_redirect@internal
time="2021-03-03T14:00:12Z" level=debug msg="Setting up redirection from ^(http:\\/\\/(\\[[\\w:.]+\\]|[\\w\\._-]+)(:\\d+)?)\\/$ to ${1}/dashboard/" entryPointName=traefik routerName=dashboard@internal middlewareName=dashboard_redirect@internal middlewareType=RedirectRegex
time="2021-03-03T14:00:12Z" level=debug msg="Adding tracing to middleware" routerName=dashboard@internal middlewareName=dashboard_redirect@internal entryPointName=traefik
time="2021-03-03T14:00:12Z" level=debug msg="Creating middleware" entryPointName=traefik middlewareName=traefik-internal-recovery middlewareType=Recovery
time="2021-03-03T14:00:12Z" level=debug msg="Added outgoing tracing middleware prometheus@internal" middlewareName=tracing middlewareType=TracingForwarder entryPointName=metrics routerName=prometheus@internal
time="2021-03-03T14:00:12Z" level=debug msg="Creating middleware" entryPointName=metrics middlewareName=traefik-internal-recovery middlewareType=Recovery
time="2021-03-03T14:00:12Z" level=debug msg="Creating middleware" middlewareType=Metrics entryPointName=traefik middlewareName=metrics-entrypoint
time="2021-03-03T14:00:12Z" level=debug msg="Creating middleware" entryPointName=metrics middlewareName=metrics-entrypoint middlewareType=Metrics
time="2021-03-03T14:00:12Z" level=debug msg="Creating middleware" middlewareName=metrics-entrypoint middlewareType=Metrics entryPointName=web
time="2021-03-03T14:00:12Z" level=debug msg="Creating middleware" middlewareType=Metrics entryPointName=websecure middlewareName=metrics-entrypoint
time="2021-03-03T14:00:12Z" level=debug msg="Creating middleware" middlewareName=pipelining middlewareType=Pipelining routerName=websecure-whoami@file serviceName=whoami entryPointName=websecure
time="2021-03-03T14:00:12Z" level=debug msg="Creating middleware" serviceName=whoami entryPointName=websecure routerName=websecure-whoami@file middlewareName=metrics-service middlewareType=Metrics
time="2021-03-03T14:00:12Z" level=debug msg="Creating load-balancer" entryPointName=websecure routerName=websecure-whoami@file serviceName=whoami
time="2021-03-03T14:00:12Z" level=debug msg="Creating server 0 http://whoami:8000" serverName=0 entryPointName=websecure routerName=websecure-whoami@file serviceName=whoami
time="2021-03-03T14:00:12Z" level=debug msg="Added outgoing tracing middleware whoami" middlewareName=tracing middlewareType=TracingForwarder entryPointName=websecure routerName=websecure-whoami@file
time="2021-03-03T14:00:12Z" level=debug msg="Creating middleware" middlewareType=RedirectScheme entryPointName=websecure routerName=websecure-whoami@file middlewareName=http2https@file
time="2021-03-03T14:00:12Z" level=debug msg="Setting up redirection to https " entryPointName=websecure routerName=websecure-whoami@file middlewareName=http2https@file middlewareType=RedirectScheme
time="2021-03-03T14:00:12Z" level=debug msg="Adding tracing to middleware" routerName=websecure-whoami@file middlewareName=http2https@file entryPointName=websecure
time="2021-03-03T14:00:12Z" level=debug msg="Creating middleware" entryPointName=websecure middlewareName=traefik-internal-recovery middlewareType=Recovery
time="2021-03-03T14:00:12Z" level=debug msg="Creating middleware" middlewareType=Metrics entryPointName=traefik middlewareName=metrics-entrypoint
time="2021-03-03T14:00:12Z" level=debug msg="Creating middleware" entryPointName=metrics middlewareName=metrics-entrypoint middlewareType=Metrics
time="2021-03-03T14:00:12Z" level=debug msg="Creating middleware" entryPointName=web middlewareName=metrics-entrypoint middlewareType=Metrics
time="2021-03-03T14:00:12Z" level=debug msg="Creating middleware" entryPointName=websecure middlewareName=metrics-entrypoint middlewareType=Metrics
time="2021-03-03T14:00:24Z" level=debug msg="Serving default certificate for request: \"whoami.example.com\""
time="2021-03-03T14:00:24Z" level=debug msg="http: TLS handshake error from 172.18.0.1:43194: local error: tls: bad record MAC"
time="2021-03-03T14:00:27Z" level=debug msg="Serving default certificate for request: \"whoami.example.com\""
time="2021-03-03T14:00:27Z" level=debug msg="vulcand/oxy/roundrobin/rr: begin ServeHttp on request" Request="{\"Method\":\"GET\",\"URL\":{\"Scheme\":\"https\",\"Opaque\":\"\",\"User\":null,\"Host\":\"whoami.example.com\",\"Path\":\"/\",\"RawPath\":\"\",\"ForceQuery\":false,\"RawQuery\":\"\",\"Fragment\":\"\"},\"Proto\":\"HTTP/2.0\",\"ProtoMajor\":2,\"ProtoMinor\":0,\"Header\":{\"Accept\":[\"*/*\"],\"User-Agent\":[\"curl/7.75.0\"],\"X-Forwarded-Host\":[\"whoami.example.com\"],\"X-Forwarded-Port\":[\"443\"],\"X-Forwarded-Proto\":[\"https\"],\"X-Forwarded-Server\":[\"1bedff7a8a8f\"],\"X-Real-Ip\":[\"172.18.0.1\"]},\"ContentLength\":0,\"TransferEncoding\":null,\"Host\":\"whoami.example.com\",\"Form\":null,\"PostForm\":null,\"MultipartForm\":null,\"Trailer\":null,\"RemoteAddr\":\"172.18.0.1:43198\",\"RequestURI\":\"/\",\"TLS\":null}"
time="2021-03-03T14:00:27Z" level=debug msg="vulcand/oxy/roundrobin/rr: Forwarding this request to URL" Request="{\"Method\":\"GET\",\"URL\":{\"Scheme\":\"https\",\"Opaque\":\"\",\"User\":null,\"Host\":\"whoami.example.com\",\"Path\":\"/\",\"RawPath\":\"\",\"ForceQuery\":false,\"RawQuery\":\"\",\"Fragment\":\"\"},\"Proto\":\"HTTP/2.0\",\"ProtoMajor\":2,\"ProtoMinor\":0,\"Header\":{\"Accept\":[\"*/*\"],\"User-Agent\":[\"curl/7.75.0\"],\"X-Forwarded-Host\":[\"whoami.example.com\"],\"X-Forwarded-Port\":[\"443\"],\"X-Forwarded-Proto\":[\"https\"],\"X-Forwarded-Server\":[\"1bedff7a8a8f\"],\"X-Real-Ip\":[\"172.18.0.1\"]},\"ContentLength\":0,\"TransferEncoding\":null,\"Host\":\"whoami.example.com\",\"Form\":null,\"PostForm\":null,\"MultipartForm\":null,\"Trailer\":null,\"RemoteAddr\":\"172.18.0.1:43198\",\"RequestURI\":\"/\",\"TLS\":null}" ForwardURL="http://whoami:8000"
time="2021-03-03T14:00:27Z" level=debug msg="'502 Bad Gateway' caused by: dial tcp 172.18.0.3:8000: connect: connection refused"
time="2021-03-03T14:00:27Z" level=debug msg="vulcand/oxy/roundrobin/rr: completed ServeHttp on request" Request="{\"Method\":\"GET\",\"URL\":{\"Scheme\":\"https\",\"Opaque\":\"\",\"User\":null,\"Host\":\"whoami.example.com\",\"Path\":\"/\",\"RawPath\":\"\",\"ForceQuery\":false,\"RawQuery\":\"\",\"Fragment\":\"\"},\"Proto\":\"HTTP/2.0\",\"ProtoMajor\":2,\"ProtoMinor\":0,\"Header\":{\"Accept\":[\"*/*\"],\"User-Agent\":[\"curl/7.75.0\"],\"X-Forwarded-Host\":[\"whoami.example.com\"],\"X-Forwarded-Port\":[\"443\"],\"X-Forwarded-Proto\":[\"https\"],\"X-Forwarded-Server\":[\"1bedff7a8a8f\"],\"X-Real-Ip\":[\"172.18.0.1\"]},\"ContentLength\":0,\"TransferEncoding\":null,\"Host\":\"whoami.example.com\",\"Form\":null,\"PostForm\":null,\"MultipartForm\":null,\"Trailer\":null,\"RemoteAddr\":\"172.18.0.1:43198\",\"RequestURI\":\"/\",\"TLS\":null}"
time="2021-03-03T14:01:01Z" level=info msg="I have to go..."
time="2021-03-03T14:01:01Z" level=info msg="Stopping server gracefully"
time="2021-03-03T14:01:01Z" level=debug msg="Waiting 10s seconds before killing connections." entryPointName=traefik
time="2021-03-03T14:01:01Z" level=debug msg="Waiting 10s seconds before killing connections." entryPointName=web
time="2021-03-03T14:01:01Z" level=debug msg="Waiting 10s seconds before killing connections." entryPointName=metrics
time="2021-03-03T14:01:01Z" level=debug msg="Waiting 10s seconds before killing connections." entryPointName=websecure
time="2021-03-03T14:01:01Z" level=error msg="accept tcp [::]:8080: use of closed network connection" entryPointName=traefik
time="2021-03-03T14:01:01Z" level=error msg="accept tcp [::]:443: use of closed network connection" entryPointName=websecure
time="2021-03-03T14:01:01Z" level=error msg="accept tcp [::]:8082: use of closed network connection" entryPointName=metrics
time="2021-03-03T14:01:01Z" level=error msg="close tcp [::]:8080: use of closed network connection" entryPointName=traefik
time="2021-03-03T14:01:01Z" level=error msg="accept tcp [::]:80: use of closed network connection" entryPointName=web
time="2021-03-03T14:01:01Z" level=error msg="close tcp [::]:8082: use of closed network connection" entryPointName=metrics
time="2021-03-03T14:01:01Z" level=debug msg="Entry point metrics closed" entryPointName=metrics
time="2021-03-03T14:01:01Z" level=error msg="close tcp [::]:443: use of closed network connection" entryPointName=websecure
time="2021-03-03T14:01:01Z" level=debug msg="Entry point websecure closed" entryPointName=websecure
time="2021-03-03T14:01:01Z" level=error msg="close tcp [::]:80: use of closed network connection" entryPointName=web
time="2021-03-03T14:01:01Z" level=debug msg="Entry point web closed" entryPointName=web
time="2021-03-03T14:01:01Z" level=debug msg="Entry point traefik closed" entryPointName=traefik
time="2021-03-03T14:01:01Z" level=info msg="Server stopped"
time="2021-03-03T14:01:01Z" level=info msg="Shutting down"
time="2021-03-03T14:01:09Z" level=info msg="Traefik version 2.2.11 built on 2020-09-07T14:12:48Z"
time="2021-03-03T14:01:09Z" level=debug msg="Static configuration loaded {\"global\":{\"checkNewVersion\":true},\"serversTransport\":{\"insecureSkipVerify\":true,\"maxIdleConnsPerHost\":200},\"entryPoints\":{\"metrics\":{\"address\":\":8082\",\"transport\":{\"lifeCycle\":{\"graceTimeOut\":10000000000},\"respondingTimeouts\":{\"idleTimeout\":180000000000}},\"forwardedHeaders\":{},\"http\":{}},\"traefik\":{\"address\":\":8080\",\"transport\":{\"lifeCycle\":{\"graceTimeOut\":10000000000},\"respondingTimeouts\":{\"idleTimeout\":180000000000}},\"forwardedHeaders\":{},\"http\":{}},\"web\":{\"address\":\":80\",\"transport\":{\"lifeCycle\":{\"graceTimeOut\":10000000000},\"respondingTimeouts\":{\"idleTimeout\":180000000000}},\"forwardedHeaders\":{},\"http\":{}},\"websecure\":{\"address\":\":443\",\"transport\":{\"lifeCycle\":{\"graceTimeOut\":10000000000},\"respondingTimeouts\":{\"idleTimeout\":180000000000}},\"forwardedHeaders\":{},\"http\":{\"tls\":{\"options\":\"default\"}}}},\"providers\":{\"providersThrottleDuration\":2000000000,\"file\":{\"directory\":\"/etc/traefik/dynamic\",\"watch\":true}},\"api\":{\"insecure\":true,\"dashboard\":true},\"metrics\":{\"prometheus\":{\"buckets\":[0.1,0.3,1.2,5],\"addEntryPointsLabels\":true,\"addServicesLabels\":true,\"entryPoint\":\"metrics\"}},\"log\":{\"level\":\"DEBUG\",\"filePath\":\"/logs/traefik.log\",\"format\":\"common\"},\"accessLog\":{\"filePath\":\"/logs/access.log\",\"format\":\"common\",\"filters\":{},\"fields\":{\"defaultMode\":\"keep\",\"headers\":{\"defaultMode\":\"keep\",\"names\":{\"Content-Type\":\"keep\",\"RequestHost\":\"keep\",\"User-Agent\":\"keep\"}}},\"bufferingSize\":100}}"
time="2021-03-03T14:01:09Z" level=info msg="\nStats collection is disabled.\nHelp us improve Traefik by turning this feature on :)\nMore details on: https://docs.traefik.io/contributing/data-collection/\n"
time="2021-03-03T14:01:09Z" level=debug msg="Configured Prometheus metrics" metricsProviderName=prometheus
time="2021-03-03T14:01:09Z" level=debug msg="Start TCP Server" entryPointName=metrics
time="2021-03-03T14:01:09Z" level=info msg="Starting provider aggregator.ProviderAggregator {}"
time="2021-03-03T14:01:09Z" level=debug msg="Start TCP Server" entryPointName=websecure
time="2021-03-03T14:01:09Z" level=info msg="Starting provider *file.Provider {\"directory\":\"/etc/traefik/dynamic\",\"watch\":true}"
time="2021-03-03T14:01:09Z" level=debug msg="Start TCP Server" entryPointName=traefik
time="2021-03-03T14:01:09Z" level=debug msg="Start TCP Server" entryPointName=web
time="2021-03-03T14:01:09Z" level=info msg="Starting provider *traefik.Provider {}"
time="2021-03-03T14:01:09Z" level=debug msg="Configuration received from provider file: {\"http\":{\"routers\":{\"whoami\":{\"middlewares\":[\"http2https\"],\"service\":\"whoami\",\"rule\":\"HostRegexp(`{host:^whoami\\\\.example\\\\.com}`) \\u0026\\u0026 Method(`GET`, `POST`, `HEAD`, `OPTIONS`, `PUT`)\"}},\"services\":{\"whoami\":{\"loadBalancer\":{\"servers\":[{\"url\":\"http://whoami:8000\"}],\"passHostHeader\":null}}},\"middlewares\":{\"hsts-header\":{\"headers\":{\"customResponseHeaders\":{\"Strict-Transport-Security\":\"max-age=63072000\"}}},\"http2https\":{\"redirectScheme\":{\"scheme\":\"https\",\"permanent\":true}}}},\"tcp\":{},\"udp\":{},\"tls\":{\"options\":{\"default\":{\"minVersion\":\"VersionTLS12\",\"cipherSuites\":[\"TLS_ECDHE_ECDSA_WITH_AES_256_GCM_SHA384\",\"TLS_ECDHE_RSA_WITH_AES_256_GCM_SHA384\",\"TLS_ECDHE_ECDSA_WITH_AES_128_GCM_SHA256\",\"TLS_ECDHE_RSA_WITH_AES_128_GCM_SHA256\",\"TLS_ECDHE_ECDSA_WITH_CHACHA20_POLY1305\",\"TLS_ECDHE_RSA_WITH_CHACHA20_POLY1305\"],\"clientAuth\":{},\"preferServerCipherSuites\":true}},\"stores\":{\"default\":{}}}}" providerName=file
time="2021-03-03T14:01:09Z" level=debug msg="Configuration received from provider internal: {\"http\":{\"routers\":{\"api\":{\"entryPoints\":[\"traefik\"],\"service\":\"api@internal\",\"rule\":\"PathPrefix(`/api`)\",\"priority\":2147483646},\"dashboard\":{\"entryPoints\":[\"traefik\"],\"middlewares\":[\"dashboard_redirect@internal\",\"dashboard_stripprefix@internal\"],\"service\":\"dashboard@internal\",\"rule\":\"PathPrefix(`/`)\",\"priority\":2147483645},\"prometheus\":{\"entryPoints\":[\"metrics\"],\"service\":\"prometheus@internal\",\"rule\":\"PathPrefix(`/metrics`)\",\"priority\":2147483647}},\"services\":{\"api\":{},\"dashboard\":{},\"noop\":{},\"prometheus\":{}},\"middlewares\":{\"dashboard_redirect\":{\"redirectRegex\":{\"regex\":\"^(http:\\\\/\\\\/(\\\\[[\\\\w:.]+\\\\]|[\\\\w\\\\._-]+)(:\\\\d+)?)\\\\/$\",\"replacement\":\"${1}/dashboard/\",\"permanent\":true}},\"dashboard_stripprefix\":{\"stripPrefix\":{\"prefixes\":[\"/dashboard/\",\"/dashboard\"]}}},\"models\":{\"websecure\":{\"tls\":{\"options\":\"default\"}}}},\"tcp\":{},\"tls\":{}}" providerName=internal
time="2021-03-03T14:01:09Z" level=debug msg="No entryPoint defined for this router, using the default one(s) instead: [metrics web websecure]" routerName=whoami
time="2021-03-03T14:01:09Z" level=debug msg="Creating middleware" serviceName=whoami middlewareName=pipelining middlewareType=Pipelining entryPointName=metrics routerName=whoami@file
time="2021-03-03T14:01:09Z" level=debug msg="Creating middleware" middlewareType=Metrics routerName=whoami@file serviceName=whoami entryPointName=metrics middlewareName=metrics-service
time="2021-03-03T14:01:09Z" level=debug msg="Creating load-balancer" routerName=whoami@file serviceName=whoami entryPointName=metrics
time="2021-03-03T14:01:09Z" level=debug msg="Creating server 0 http://whoami:8000" serverName=0 entryPointName=metrics routerName=whoami@file serviceName=whoami
time="2021-03-03T14:01:09Z" level=debug msg="Added outgoing tracing middleware whoami" middlewareType=TracingForwarder middlewareName=tracing entryPointName=metrics routerName=whoami@file
time="2021-03-03T14:01:09Z" level=debug msg="Creating middleware" entryPointName=metrics routerName=whoami@file middlewareName=http2https@file middlewareType=RedirectScheme
time="2021-03-03T14:01:09Z" level=debug msg="Setting up redirection to https " entryPointName=metrics routerName=whoami@file middlewareName=http2https@file middlewareType=RedirectScheme
time="2021-03-03T14:01:09Z" level=debug msg="Adding tracing to middleware" routerName=whoami@file middlewareName=http2https@file entryPointName=metrics
time="2021-03-03T14:01:09Z" level=debug msg="Creating middleware" entryPointName=metrics middlewareName=traefik-internal-recovery middlewareType=Recovery
time="2021-03-03T14:01:09Z" level=debug msg="Creating middleware" entryPointName=web middlewareName=traefik-internal-recovery middlewareType=Recovery
time="2021-03-03T14:01:09Z" level=debug msg="Creating middleware" entryPointName=websecure middlewareName=traefik-internal-recovery middlewareType=Recovery
time="2021-03-03T14:01:09Z" level=debug msg="Creating middleware" middlewareType=Metrics entryPointName=websecure middlewareName=metrics-entrypoint
time="2021-03-03T14:01:09Z" level=debug msg="Creating middleware" entryPointName=traefik middlewareName=metrics-entrypoint middlewareType=Metrics
time="2021-03-03T14:01:09Z" level=debug msg="Creating middleware" middlewareName=metrics-entrypoint middlewareType=Metrics entryPointName=metrics
time="2021-03-03T14:01:09Z" level=debug msg="Creating middleware" entryPointName=web middlewareName=metrics-entrypoint middlewareType=Metrics
time="2021-03-03T14:01:09Z" level=debug msg="Creating middleware" middlewareName=metrics-entrypoint entryPointName=websecure middlewareType=Metrics
time="2021-03-03T14:01:09Z" level=debug msg="Creating middleware" entryPointName=traefik middlewareType=Metrics middlewareName=metrics-entrypoint
time="2021-03-03T14:01:09Z" level=debug msg="Creating middleware" entryPointName=metrics middlewareName=metrics-entrypoint middlewareType=Metrics
time="2021-03-03T14:01:09Z" level=debug msg="Creating middleware" middlewareType=Metrics middlewareName=metrics-entrypoint entryPointName=web
time="2021-03-03T14:01:09Z" level=debug msg="Added outgoing tracing middleware api@internal" middlewareType=TracingForwarder entryPointName=traefik routerName=api@internal middlewareName=tracing
time="2021-03-03T14:01:09Z" level=debug msg="Added outgoing tracing middleware dashboard@internal" entryPointName=traefik routerName=dashboard@internal middlewareName=tracing middlewareType=TracingForwarder
time="2021-03-03T14:01:09Z" level=debug msg="Creating middleware" entryPointName=traefik routerName=dashboard@internal middlewareName=dashboard_stripprefix@internal middlewareType=StripPrefix
time="2021-03-03T14:01:09Z" level=debug msg="Adding tracing to middleware" entryPointName=traefik routerName=dashboard@internal middlewareName=dashboard_stripprefix@internal
time="2021-03-03T14:01:09Z" level=debug msg="Creating middleware" entryPointName=traefik routerName=dashboard@internal middlewareName=dashboard_redirect@internal middlewareType=RedirectRegex
time="2021-03-03T14:01:09Z" level=debug msg="Setting up redirection from ^(http:\\/\\/(\\[[\\w:.]+\\]|[\\w\\._-]+)(:\\d+)?)\\/$ to ${1}/dashboard/" middlewareName=dashboard_redirect@internal middlewareType=RedirectRegex entryPointName=traefik routerName=dashboard@internal
time="2021-03-03T14:01:09Z" level=debug msg="Adding tracing to middleware" entryPointName=traefik routerName=dashboard@internal middlewareName=dashboard_redirect@internal
time="2021-03-03T14:01:09Z" level=debug msg="Creating middleware" entryPointName=traefik middlewareName=traefik-internal-recovery middlewareType=Recovery
time="2021-03-03T14:01:09Z" level=debug msg="Creating middleware" serviceName=whoami entryPointName=metrics routerName=whoami@file middlewareName=pipelining middlewareType=Pipelining
time="2021-03-03T14:01:09Z" level=debug msg="Creating middleware" routerName=whoami@file serviceName=whoami entryPointName=metrics middlewareName=metrics-service middlewareType=Metrics
time="2021-03-03T14:01:09Z" level=debug msg="Creating load-balancer" entryPointName=metrics routerName=whoami@file serviceName=whoami
time="2021-03-03T14:01:09Z" level=debug msg="Creating server 0 http://whoami:8000" serverName=0 entryPointName=metrics routerName=whoami@file serviceName=whoami
time="2021-03-03T14:01:09Z" level=debug msg="Added outgoing tracing middleware whoami" routerName=whoami@file middlewareName=tracing middlewareType=TracingForwarder entryPointName=metrics
time="2021-03-03T14:01:09Z" level=debug msg="Creating middleware" entryPointName=metrics routerName=whoami@file middlewareName=http2https@file middlewareType=RedirectScheme
time="2021-03-03T14:01:09Z" level=debug msg="Setting up redirection to https " middlewareName=http2https@file middlewareType=RedirectScheme entryPointName=metrics routerName=whoami@file
time="2021-03-03T14:01:09Z" level=debug msg="Adding tracing to middleware" entryPointName=metrics routerName=whoami@file middlewareName=http2https@file
time="2021-03-03T14:01:09Z" level=debug msg="Added outgoing tracing middleware prometheus@internal" entryPointName=metrics routerName=prometheus@internal middlewareName=tracing middlewareType=TracingForwarder
time="2021-03-03T14:01:09Z" level=debug msg="Creating middleware" middlewareType=Recovery entryPointName=metrics middlewareName=traefik-internal-recovery
time="2021-03-03T14:01:09Z" level=debug msg="Creating middleware" entryPointName=web middlewareName=traefik-internal-recovery middlewareType=Recovery
time="2021-03-03T14:01:09Z" level=debug msg="Creating middleware" middlewareName=metrics-entrypoint middlewareType=Metrics entryPointName=websecure
time="2021-03-03T14:01:09Z" level=debug msg="Creating middleware" entryPointName=traefik middlewareName=metrics-entrypoint middlewareType=Metrics
time="2021-03-03T14:01:09Z" level=debug msg="Creating middleware" middlewareName=metrics-entrypoint middlewareType=Metrics entryPointName=metrics
time="2021-03-03T14:01:09Z" level=debug msg="Creating middleware" entryPointName=web middlewareName=metrics-entrypoint middlewareType=Metrics
time="2021-03-03T14:01:09Z" level=debug msg="Creating middleware" middlewareName=pipelining entryPointName=websecure routerName=websecure-whoami@file serviceName=whoami middlewareType=Pipelining
time="2021-03-03T14:01:09Z" level=debug msg="Creating middleware" routerName=websecure-whoami@file serviceName=whoami middlewareName=metrics-service middlewareType=Metrics entryPointName=websecure
time="2021-03-03T14:01:09Z" level=debug msg="Creating load-balancer" entryPointName=websecure routerName=websecure-whoami@file serviceName=whoami
time="2021-03-03T14:01:09Z" level=debug msg="Creating server 0 http://whoami:8000" serviceName=whoami serverName=0 entryPointName=websecure routerName=websecure-whoami@file
time="2021-03-03T14:01:09Z" level=debug msg="Added outgoing tracing middleware whoami" entryPointName=websecure routerName=websecure-whoami@file middlewareType=TracingForwarder middlewareName=tracing
time="2021-03-03T14:01:09Z" level=debug msg="Creating middleware" middlewareType=RedirectScheme entryPointName=websecure routerName=websecure-whoami@file middlewareName=http2https@file
time="2021-03-03T14:01:09Z" level=debug msg="Setting up redirection to https " entryPointName=websecure routerName=websecure-whoami@file middlewareName=http2https@file middlewareType=RedirectScheme
time="2021-03-03T14:01:09Z" level=debug msg="Adding tracing to middleware" routerName=websecure-whoami@file entryPointName=websecure middlewareName=http2https@file
time="2021-03-03T14:01:09Z" level=debug msg="Creating middleware" entryPointName=websecure middlewareName=traefik-internal-recovery middlewareType=Recovery
time="2021-03-03T14:01:09Z" level=debug msg="Creating middleware" entryPointName=websecure middlewareName=metrics-entrypoint middlewareType=Metrics
time="2021-03-03T14:01:09Z" level=debug msg="Creating middleware" entryPointName=traefik middlewareName=metrics-entrypoint middlewareType=Metrics
time="2021-03-03T14:01:09Z" level=debug msg="Creating middleware" middlewareName=metrics-entrypoint middlewareType=Metrics entryPointName=metrics
time="2021-03-03T14:01:09Z" level=debug msg="Creating middleware" entryPointName=web middlewareName=metrics-entrypoint middlewareType=Metrics
time="2021-03-03T14:02:51Z" level=info msg="I have to go..."
time="2021-03-03T14:02:51Z" level=info msg="Stopping server gracefully"
time="2021-03-03T14:02:51Z" level=debug msg="Waiting 10s seconds before killing connections." entryPointName=web
time="2021-03-03T14:02:51Z" level=debug msg="Waiting 10s seconds before killing connections." entryPointName=websecure
time="2021-03-03T14:02:51Z" level=error msg="close tcp [::]:80: use of closed network connection" entryPointName=web
time="2021-03-03T14:02:51Z" level=debug msg="Entry point web closed" entryPointName=web
time="2021-03-03T14:02:51Z" level=debug msg="Waiting 10s seconds before killing connections." entryPointName=traefik
time="2021-03-03T14:02:51Z" level=debug msg="Waiting 10s seconds before killing connections." entryPointName=metrics
time="2021-03-03T14:02:51Z" level=error msg="close tcp [::]:8082: use of closed network connection" entryPointName=metrics
time="2021-03-03T14:02:51Z" level=debug msg="Entry point metrics closed" entryPointName=metrics
time="2021-03-03T14:02:51Z" level=error msg="close tcp [::]:8080: use of closed network connection" entryPointName=traefik
time="2021-03-03T14:02:51Z" level=error msg="accept tcp [::]:8082: use of closed network connection" entryPointName=metrics
time="2021-03-03T14:02:51Z" level=error msg="close tcp [::]:443: use of closed network connection" entryPointName=websecure
time="2021-03-03T14:02:51Z" level=debug msg="Entry point websecure closed" entryPointName=websecure
time="2021-03-03T14:02:51Z" level=error msg="accept tcp [::]:443: use of closed network connection" entryPointName=websecure
time="2021-03-03T14:02:51Z" level=error msg="accept tcp [::]:8080: use of closed network connection" entryPointName=traefik
time="2021-03-03T14:02:51Z" level=error msg="accept tcp [::]:80: use of closed network connection" entryPointName=web
time="2021-03-03T14:02:52Z" level=debug msg="Entry point traefik closed" entryPointName=traefik
time="2021-03-03T14:02:52Z" level=info msg="Server stopped"
time="2021-03-03T14:02:52Z" level=info msg="Shutting down"
